Файл-лог автоматического блокирования пользователей за не оплату.
Создан: 30 ноября 2012 г. 17:02

Оплата за выполненное задание ID=23345
Оплата за выполненное задание ID=23392
Оплата за выполненное задание ID=23393
Оплата за выполненное задание ID=24619
Оплата за выполненное задание ID=23098
Оплата за выполненное задание ID=23208
Оплата за выполненное задание ID=23260
Оплата за выполненное задание ID=24930
Оплата за выполненное задание ID=22867
Оплата за выполненное задание ID=22868
Оплата за выполненное задание ID=22869
Оплата за выполненное задание ID=22870
Оплата за выполненное задание ID=22871
Оплата за выполненное задание ID=22872
Оплата за выполненное задание ID=22873
Оплата за выполненное задание ID=22874
Оплата за выполненное задание ID=22875
Оплата за выполненное задание ID=22876
Оплата за выполненное задание ID=22877
Оплата за выполненное задание ID=22878
Оплата за выполненное задание ID=22879
Оплата за выполненное задание ID=22880
Оплата за выполненное задание ID=22881
Оплата за выполненное задание ID=22882
Оплата за выполненное задание ID=22911
Оплата за выполненное задание ID=8641
Оплата за выполненное задание ID=8642
Оплата за выполненное задание ID=8643
Оплата за выполненное задание ID=8644
Оплата за выполненное задание ID=8974
Оплата за выполненное задание ID=17385
Оплата за выполненное задание ID=17658
Оплата за выполненное задание ID=17659
Оплата за выполненное задание ID=18665
Оплата за выполненное задание ID=18915
Оплата за выполненное задание ID=24781
Оплата за выполненное задание ID=14121
Оплата за выполненное задание ID=21098
Оплата за выполненное задание ID=23573
Оплата за выполненное задание ID=23673
Оплата за выполненное задание ID=24560
Оплата за выполненное задание ID=21880
Оплата за выполненное задание ID=20843
Оплата за выполненное задание ID=20844
Оплата за выполненное задание ID=20845
Оплата за выполненное задание ID=21210
Оплата за выполненное задание ID=21353
Оплата за выполненное задание ID=21855
Оплата за выполненное задание ID=22300
Оплата за выполненное задание ID=22405
Оплата за выполненное задание ID=23228
Оплата за выполненное задание ID=23229
Оплата за выполненное задание ID=23426
Оплата за выполненное задание ID=23502
Оплата за выполненное задание ID=23722
Оплата за выполненное задание ID=23833
Оплата за выполненное задание ID=18525
Оплата за выполненное задание ID=24953


Вебмастер: chistyakoveo@yandex.ru
Долг в системе: 715 рублей. Сообщение отправлено.

Вебмастер: vernon2001@mail.ru
Долг в системе: 5425 рублей. Сообщение отправлено.

Вебмастер: mail@shelvin.ru
Долг в системе: 870 рублей. Сообщение отправлено.

Вебмастер: mir_knigi@list.ru
Долг в системе: 6756 рублей. Сообщение отправлено.

Вебмастер: bazilix@gmail.com
Долг в системе: 2650 рублей. Сообщение отправлено.

Вебмастер: romario.super@gmail.com
Долг в системе: 50 рублей. Сообщение отправлено.

Вебмастер: effi.kos@gmail.com
Долг в системе: 3295 рублей. Сообщение отправлено.

Вебмастер: waaq@mail.ru
Долг в системе: 5885 рублей. Сообщение отправлено.

Вебмастер: admin@61site.ru
Долг в системе: 5905 рублей. Сообщение отправлено.

Вебмастер: dotwork@icloud.com
Долг в системе: 1100 рублей. Сообщение отправлено.

Вебмастер: baumanets@gmail.com
Долг в системе: 1000 рублей. Сообщение отправлено.

Вебмастер: egoruz@gmail.com
Долг в системе: 165 рублей. Сообщение отправлено.

Вебмастер: mrhappyalex@gmail.com
Долг в системе: 2810 рублей. Сообщение отправлено.

Вебмастер: shleev-v@mail.ru
Долг в системе: 310 рублей. Сообщение отправлено.

Вебмастер: masai@dubki.ru
Долг в системе: 975 рублей. Сообщение отправлено.

Вебмастер: yda4huk@yahoo.com
Долг в системе: 1540 рублей. Сообщение отправлено.

Вебмастер: olegoleg117@ya.ru
Долг в системе: 110 рублей. Сообщение отправлено.

Вебмастер: lolnet.ru@gmail.com
Долг в системе: 340 рублей. Сообщение отправлено.

Вебмастер: arust@mail.ru
Долг в системе: 1150 рублей. Сообщение отправлено.

Вебмастер: r.amex@yandex.ru
Долг в системе: 150 рублей. Сообщение отправлено.

Вебмастер: kimpeka@gmail.com
Долг в системе: 100 рублей. Сообщение отправлено.

Вебмастер: popularizer@gmail.com
Долг в системе: 500 рублей. Сообщение отправлено.

Вебмастер: bazhenov87@mail.ru
Долг в системе: 935 рублей. Сообщение отправлено.

Вебмастер: sirdki2@yandex.ru
Долг в системе: 1050 рублей. Сообщение отправлено.

Вебмастер: mymotion@mail.ru
Долг в системе: 4930 рублей. Сообщение отправлено.

Вебмастер: spenderblog@gmail.com
Долг в системе: 120 рублей. Сообщение отправлено.

Вебмастер: marus1121@inbox.ru
Долг в системе: 620 рублей. Сообщение отправлено.

Вебмастер: Den-latypov@yandex.ru
Долг в системе: 220 рублей. Сообщение отправлено.

Вебмастер: mgoldru@gmail.com
Долг в системе: 8350 рублей. Сообщение отправлено.

Вебмастер: kostiksun@mail.ru
Долг в системе: 140 рублей. Сообщение отправлено.

Вебмастер: ahremenko-a@yandex.ru
Долг в системе: 3080 рублей. Сообщение отправлено.

Вебмастер: vadimkazak@gmail.com
Долг в системе: 299 рублей. Сообщение отправлено.Запрос: accid=154&birzid=4&login=chistyakoveo&pass=bWFydmVsMTIz&act=2
Запрос: accid=33&birzid=2&login=vernon2001@mail.ru&pass=VWRnYWl6YTk=&act=2
Запрос: accid=114&birzid=3&login=vernon2001&pass=VWRnYWl6YTk=&act=2
Запрос: accid=60&birzid=1&login=mail@shelvin.ru&pass=ZHY0NkRGU0dWZDQzZmdz&act=2
Запрос: accid=55&birzid=1&login=mir_knigi@list.ru&pass=aXhVQ0ZCdEl0&act=2
Запрос: accid=54&birzid=1&login=bazilix@gmail.com&pass=c2FjcmVk&act=2
Запрос: accid=297&birzid=1&login=romario.super@gmail.com&pass=bWF1bHRhbGs=&act=2
Запрос: accid=51&birzid=1&login=effi.kos@gmail.com&pass=MTYxMDExdGVuZGVy&act=2
Запрос: accid=392&birzid=1&login=waaq@mail.ru&pass=dHlnbzFnNw==&act=2
Запрос: accid=62&birzid=1&login=admin@servicedon.ru&pass=MDUxMTgy&act=2
Запрос: accid=17&birzid=1&login=vernon2001@mail.ru&pass=c2FjcmVkMzM=&act=2
Запрос: accid=127&birzid=1&login=wpro@bk.ru&pass=MTIzNDU2&act=2
Запрос: accid=296&birzid=1&login=dotwork@icloud.com&pass=c2FjcmVkNjQ=&act=2
Запрос: accid=391&birzid=3&login=baumanets&pass=bWF6YWZha2Fx&act=2
Запрос: accid=112&birzid=1&login=egoruz@gmail.com&pass=cGFzc2VycGFydDIwMTE=&act=2
Запрос: accid=261&birzid=1&login=mrhappyalex@gmail.com&pass=NTlidmMzMQ==&act=2
Запрос: accid=284&birzid=1&login=shleev-v@mail.ru&pass=dEl4eW1lcUU=&act=2
Запрос: accid=289&birzid=1&login=masai@dubki.ru&pass=UmM1OUtMRzc=&act=2
Запрос: accid=40&birzid=2&login=info@rizolit-karelia.com&pass=dnR5dGw7dGhnaGp0cm5qZA==&act=2
Запрос: accid=43&birzid=2&login=suuraz.ypid@yahoo.com&pass=ZmNhZmttbg==&act=2
Запрос: accid=63&birzid=2&login=admin@servicedon.ru&pass=MDUxMTgy&act=2
Запрос: accid=85&birzid=2&login=dom@utcplus.com.ua&pass=MTE3MTE3&act=2
Запрос: accid=106&birzid=2&login=lolnet.ru@gmail.com&pass=d2FjN1dMUko=&act=2
Запрос: accid=113&birzid=2&login=egoruz@gmail.com&pass=cGFzc2VycGFydDIwMTE=&act=2
Запрос: accid=129&birzid=2&login=arust@mail.ru&pass=RG9NaU5vNQ==&act=2
Запрос: accid=251&birzid=2&login=r.amex@yandex.ru&pass=Ui5hbWV4MzE0MQ==&act=2
Запрос: accid=151&birzid=2&login=kimpeka@gmail.com&pass=b21pa3Jvbg==&act=2
Запрос: accid=206&birzid=2&login=popularizer@gmail.com&pass=TUNrZ3NVNFdaS3BmWiE=&act=2
Запрос: accid=290&birzid=5&login=masai@dubki.ru&pass=UmM1OUtMRzc=&act=2
Запрос: accid=285&birzid=5&login=shleev-v@mail.ru&pass=cnRrbWRieQ==&act=2
Запрос: accid=216&birzid=5&login=popularizer@gmail.com&pass=RmVuYzBoY2J5dQ==&act=2
Запрос: accid=171&birzid=4&login=vilzi&pass=aVNVM25qRFowaHg=&act=2
Запрос: accid=461&birzid=2&login=chistyakoveo@yandex.ru&pass=NDgxNTE2MjM0MmE=&act=2
Запрос: accid=246&birzid=4&login=lostprophet&pass=MDUxMTgy&act=2
Запрос: accid=247&birzid=3&login=lostprophet&pass=MDUxMTgyMDUxMTgy&act=2
Запрос: accid=148&birzid=3&login=vilzi&pass=cXRXOW5lSDV3WVY=&act=2
Запрос: accid=331&birzid=6&login=r.amex@yandex.ru&pass=Ui5hbWV4MzE0MQ==&act=2
Запрос: accid=238&birzid=6&login=popularizer@gmail.com&pass=VTB5bGVoZmM=&act=2
Запрос: accid=230&birzid=6&login=polkin_beeline@mail.ru&pass=MDUwNDE5ODY=&act=2
Запрос: accid=225&birzid=6&login=chistyakoveo@yandex.ru&pass=YTQwMDllRjY2NA==&act=2
Запрос: accid=224&birzid=6&login=admin@servicedon.ru&pass=MDUxMTgy&act=2
Запрос: accid=124&birzid=2&login=dotwork@icloud.com&pass=SmRuaDZnUk9U&act=2
Запрос: accid=311&birzid=1&login=bazhenov87@mail.ru&pass=cG9zdGVyMTIz&act=2
Запрос: accid=313&birzid=1&login=sirdki2@yandex.ru&pass=RmlMNXlhYzhG&act=2
Запрос: accid=312&birzid=2&login=bazhenov87@mail.ru&pass=aGpuZmdqY24y&act=2
Запрос: accid=319&birzid=1&login=mymotion@mail.ru&pass=U3liamdGa2h2Mw==&act=2
Запрос: accid=322&birzid=2&login=effi.kos@gmail.com&pass=aTlncU83YWw5emU5QWFiajVlSk8=&act=2
Запрос: accid=325&birzid=2&login=spenderblog@gmail.com&pass=Y1VOTVp6VDZ1YiZbeSs=&act=2
Запрос: accid=324&birzid=6&login=spenderblog@gmail.com&pass=Vnl6aGFyYTI4&act=2
Запрос: accid=326&birzid=4&login=spenderblog@gmail.com&pass=Vnl6aGFyYTI4&act=2
Запрос: accid=330&birzid=4&login=VIT74&pass=c2FjcmVkMzM=&act=2
Запрос: accid=342&birzid=6&login=effi.kos@gmail.com&pass=c2FjcmVkMzMzZGRk&act=2
Запрос: accid=343&birzid=1&login=kentnsk444@mail.ru&pass=bWFuYWdlcjEyMw==&act=2
Запрос: accid=350&birzid=6&login=marus1121@inbox.ru&pass=MTEwMzE5ODE=&act=2
Запрос: accid=360&birzid=2&login=marus1121@inbox.ru&pass=MTEwMzE5ODE=&act=2
Запрос: accid=366&birzid=1&login=Den-latypov@yandex.ru&pass=NTQzMjEw&act=2
Запрос: accid=374&birzid=1&login=sainovich@mail.ru&pass=UmM1OUtMRzc=&act=2
Запрос: accid=375&birzid=5&login=sainovich@mail.ru&pass=UmM1OUtMRzc=&act=2
Запрос: accid=378&birzid=1&login=baumanets@gmail.com&pass=cXdlcnR5&act=2
Запрос: accid=220&birzid=1&login=arust@mail.ru&pass=c2FjcmVkMzMzZGRk&act=2
Запрос: accid=409&birzid=1&login=group@pochta.ru&pass=bHNudGJw&act=2
Запрос: accid=412&birzid=4&login=masai@dubki.ru&pass=RHVCclJKS085dw==&act=2
Запрос: accid=413&birzid=2&login=studiya-seo@yandex.ru&pass=aUNrYURHd2hkQg==&act=2
Запрос: accid=434&birzid=1&login=kostiksun@mail.ru&pass=MTIzNDU2N2E=&act=2
Запрос: accid=433&birzid=3&login=seoakk_old&pass=N2I4NmJyOHY2&act=2
Запрос: accid=439&birzid=4&login=mrtony&pass=SmRuaDZnTUlS&act=2
Запрос: accid=431&birzid=1&login=chistyakoveo@yandex.ru&pass=bWFydmVs&act=2
Запрос: accid=432&birzid=5&login=chistyakoveo@yandex.ru&pass=bWFydmVs&act=2
Запрос: accid=450&birzid=3&login=sapesh_old&pass=ZDQzZ0c0WVVIZzQ=&act=2
Запрос: accid=462&birzid=3&login=chistyakoveo&pass=NDgxNTE2MjM0Mmxvc3Q=&act=2
Запрос: accid=513&birzid=1&login=futurika.info@gmail.com&pass=MjBmdXR1cmFtYTEy&act=2
Запрос: accid=473&birzid=1&login=381222@mail.ru&pass=dXBvWWlPWFY=&act=2
Запрос: accid=505&birzid=3&login=vaiolover_old&pass=dmQ1N2FiMQ==&act=2
Запрос: accid=514&birzid=5&login=futurika.info@gmail.com&pass=MjBmdXR1cmFtYTEy&act=2
Запрос: accid=529&birzid=2&login=kostiksun@mail.ru&pass=MjU5NzE4MkE=&act=2
Скрипт выполнен за: 178.53 сек.
Заблокировано: 32 должников.
Приостановлено: 75 биржевых аккаунтов.