Файл-лог автоматического блокирования пользователей за не оплату.
Создан: 14 ноября 2012 г. 16:25

Запрос: accid=154&birzid=4&login=chistyakoveo&pass=bWFydmVsMTIz&act=2
Запрос: accid=33&birzid=2&login=vernon2001@mail.ru&pass=VWRnYWl6YTk=&act=2
Запрос: accid=39&birzid=2&login=19msd@mail.ru&pass=RGVsZ2Fkb3ZzdGI=&act=2
Запрос: accid=114&birzid=3&login=vernon2001&pass=VWRnYWl6YTk=&act=2
Запрос: accid=147&birzid=3&login=vstb2&pass=U2FjcmVkdnN0Yg==&act=2
Запрос: accid=212&birzid=6&login=admin@priut.info&pass=c2FjcmVkMzMzZGRk&act=2
Запрос: accid=183&birzid=5&login=kupio@mail.ru&pass=SDZnTFNUZjVSUWp1UXg4RHFIbU8=&act=2
Запрос: accid=49&birzid=1&login=admin@priut.info&pass=T3VPUTNL&act=2
Запрос: accid=74&birzid=1&login=doc.x@mail.ru&pass=U2FjcmVkXzEyM19nZ2w=&act=2
Запрос: accid=57&birzid=1&login=Sanya_Melnichuk@ukr.net&pass=dHJpa281NQ==&act=2
Запрос: accid=55&birzid=1&login=mir_knigi@list.ru&pass=aXhVQ0ZCdEl0&act=2
Запрос: accid=54&birzid=1&login=bazilix@gmail.com&pass=c2FjcmVk&act=2
Запрос: accid=109&birzid=1&login=mozharov78@yandex.ru&pass=aGpuZmdqY24=&act=2
Запрос: accid=89&birzid=1&login=oleg@tulkin.ru&pass=a2pnQGQhcw==&act=2
Запрос: accid=392&birzid=1&login=waaq@mail.ru&pass=dHlnbzFnNw==&act=2
Запрос: accid=81&birzid=1&login=zuziken@gmail.com&pass=ITg5dUElT0E=&act=2
Запрос: accid=298&birzid=1&login=ck@hotmail.ru&pass=cG9pbGtq&act=2
Запрос: accid=64&birzid=1&login=111vit111@mail.ru&pass=MTIzcXdl&act=2
Запрос: accid=62&birzid=1&login=admin@servicedon.ru&pass=MDUxMTgy&act=2
Запрос: accid=191&birzid=1&login=fllampardfrank@gmail.com&pass=QjJtV3diVXdubThPaFIxUUM1N3c=&act=2
Запрос: accid=180&birzid=1&login=sdv4@mail.ru&pass=ejE4MzhwcmE=&act=2
Запрос: accid=168&birzid=1&login=lapo4kalove@gmail.com&pass=c2VhcmNo&act=2
Запрос: accid=167&birzid=1&login=tbmsp@mail.ru&pass=U2FjcmVkdnN0Yg==&act=2
Запрос: accid=166&birzid=1&login=Cnc3@list.ru&pass=ZGVsZzMzc2Fjcg==&act=2
Запрос: accid=17&birzid=1&login=vernon2001@mail.ru&pass=c2FjcmVkMzM=&act=2
Запрос: accid=161&birzid=1&login=7490800@mail.ru&pass=MjAwOTIwMDk=&act=2
Запрос: accid=153&birzid=1&login=okynek1243@gmail.com&pass=cG9pdXlwb2l1eQ==&act=2
Запрос: accid=141&birzid=1&login=yur-shatalin@yandex.ru&pass=ZHJvcG1pcjIwMTE=&act=2
Запрос: accid=136&birzid=1&login=xank@rambler.ru&pass=RUszcm1XSzIxMQ==&act=2
Запрос: accid=135&birzid=1&login=lsokolova@rumaster.ru&pass=c2VvbWFzdGVyMjAxMQ==&act=2
Запрос: accid=127&birzid=1&login=wpro@bk.ru&pass=MTIzNDU2&act=2
Запрос: accid=296&birzid=1&login=dotwork@icloud.com&pass=c2FjcmVkNjQ=&act=2
Запрос: accid=112&birzid=1&login=egoruz@gmail.com&pass=cGFzc2VycGFydDIwMTE=&act=2
Запрос: accid=102&birzid=1&login=mkvin@mail.ru&pass=U2FjcmVkMjAxMg==&act=2
Запрос: accid=27&birzid=1&login=19msd@mail.ru&pass=U2FjcmVkdnN0Yg==&act=2
Запрос: accid=204&birzid=1&login=kupio@mail.ru&pass=em9FUE9FTXBDbVdoTlR4STlvcDM=&act=2
Запрос: accid=217&birzid=1&login=series60.ru@gmail.com&pass=QWhlODFrdEg2&act=2
Запрос: accid=258&birzid=1&login=poletaefff@mail.ru&pass=cWF6d3N4ZWRj&act=2
Запрос: accid=259&birzid=1&login=slamfest@mail.ru&pass=cWF6d3N4ZWRj&act=2
Запрос: accid=260&birzid=1&login=nikolay.exe@gmail.com&pass=QTdZQy16Z1Fh&act=2
Запрос: accid=261&birzid=1&login=mrhappyalex@gmail.com&pass=NTlidmMzMQ==&act=2
Запрос: accid=274&birzid=1&login=viktor_kh@mail.ru&pass=QURNMTc4OQ==&act=2
Запрос: accid=284&birzid=1&login=shleev-v@mail.ru&pass=dEl4eW1lcUU=&act=2
Запрос: accid=289&birzid=1&login=masai@dubki.ru&pass=UmM1OUtMRzc=&act=2
Запрос: accid=40&birzid=2&login=info@rizolit-karelia.com&pass=dnR5dGw7dGhnaGp0cm5qZA==&act=2
Запрос: accid=41&birzid=2&login=yur-shatalin@yandex.ru&pass=b0xoeF9EL3NvQjVAXWw=&act=2
Запрос: accid=43&birzid=2&login=suuraz.ypid@yahoo.com&pass=ZmNhZmttbg==&act=2
Запрос: accid=69&birzid=2&login=martikus100@ukr.net&pass=cGdndmFuMTAw&act=2
Запрос: accid=46&birzid=2&login=admin@priut.info&pass=LSRHMHFeSFcweU0wOEQ=&act=2
Запрос: accid=63&birzid=2&login=admin@servicedon.ru&pass=MDUxMTgy&act=2
Запрос: accid=68&birzid=2&login=lampo4kalove@gmail.com&pass=Z2FtYmlubw==&act=2
Запрос: accid=75&birzid=2&login=Doc.X@Mail.ru&pass=R2Q0NWYhZTQtLQ==&act=2
Запрос: accid=76&birzid=2&login=Oknadveri66@mail.ru&pass=UWdLbFJFM2khRzY=&act=2
Запрос: accid=80&birzid=2&login=mudaka.net@mail.ru&pass=YW5kcmV5MTcxOQ==&act=2
Запрос: accid=83&birzid=2&login=zuziken@gmail.com&pass=MmNpTEg2dGQ=&act=2
Запрос: accid=140&birzid=1&login=gsmflashes@ya.ru&pass=MjRzYWNyZWQ1Ng==&act=2
Запрос: accid=98&birzid=2&login=max514@mail.ru&pass=b2R8WjQuYiFrYylMaFU=&act=2
Запрос: accid=113&birzid=2&login=egoruz@gmail.com&pass=cGFzc2VycGFydDIwMTE=&act=2
Запрос: accid=121&birzid=2&login=lsokolova@rumaster.ru&pass=dDVxYmtYckk4JE9KMWk=&act=2
Запрос: accid=137&birzid=2&login=xank@rambler.ru&pass=Qy0pOGl0PTNvJkUybig=&act=2
Запрос: accid=144&birzid=2&login=rumaster2012@yandex.ru&pass=ITVubVBdOkVyOktOI3c=&act=2
Запрос: accid=169&birzid=2&login=series60.ru@gmail.com&pass=QWhlODFrdEg2&act=2
Запрос: accid=172&birzid=2&login=kupio@yandex.ru&pass=R1pIcU9MdkRCOGlyQ0RwdWxGdno=&act=2
Запрос: accid=242&birzid=2&login=sdv4@mail.ru&pass=OXBvZHBpdGthOQ==&act=2
Запрос: accid=188&birzid=2&login=oleg.shkolyarenko@facebook.com&pass=bWE5MTEyNDg=&act=2
Запрос: accid=192&birzid=2&login=fllampardfrank@gmail.com&pass=b1FXR3JwMXN4Wm81eDJDNUJ6SDU=&act=2
Запрос: accid=199&birzid=2&login=oleg@pivot4u.com&pass=a2pnQGQhcyE=&act=2
Запрос: accid=206&birzid=2&login=popularizer@gmail.com&pass=TUNrZ3NVNFdaS3BmWiE=&act=2
Запрос: accid=207&birzid=2&login=cnc3@list.ru&pass=RDQjVF5SN1NTQ3NAYXY=&act=2
Запрос: accid=262&birzid=2&login=tolymen@gmail.com&pass=TF9rbGpucHclWz1OZ10=&act=2
Запрос: accid=275&birzid=2&login=viktor_kh@mail.ru&pass=VHhFIzY3cQ==&act=2
Запрос: accid=219&birzid=6&login=andrey_l@lenta.ru&pass=c2FjcmVkMzMzZGRk&act=2
Запрос: accid=50&birzid=1&login=andrey_l@lenta.ru&pass=RGVsZ2Fkbw==&act=2
Запрос: accid=290&birzid=5&login=masai@dubki.ru&pass=UmM1OUtMRzc=&act=2
Запрос: accid=285&birzid=5&login=shleev-v@mail.ru&pass=cnRrbWRieQ==&act=2
Запрос: accid=282&birzid=5&login=poletaefff@mail.ru&pass=cWF6d3N4ZWRj&act=2
Запрос: accid=276&birzid=5&login=viktor_kh@mail.ru&pass=QURNMTc4OQ==&act=2
Запрос: accid=216&birzid=5&login=popularizer@gmail.com&pass=RmVuYzBoY2J5dQ==&act=2
Запрос: accid=186&birzid=5&login=zuziken@gmail.com&pass=Q29WSTdUTw==&act=2
Запрос: accid=277&birzid=4&login=viktor888&pass=Vm5MckU2NzE=&act=2
Запрос: accid=243&birzid=4&login=referso&pass=OTB4ZnF5YnIyMTA=&act=2
Запрос: accid=241&birzid=4&login=lapo4ka&pass=bGFtcG80a2Fsb3Zl&act=2
Запрос: accid=208&birzid=4&login=zuziken&pass=YmtCTnFkd3c=&act=2
Запрос: accid=205&birzid=4&login=Rumaster2011&pass=a2lzYWl0c2V0MjAxMw==&act=2
Запрос: accid=189&birzid=4&login=oleg@tulkin.ru&pass=a2pnQGQhcyE=&act=2
Запрос: accid=190&birzid=4&login=fllampardfrank&pass=ejNNS3E3eEJhSndkdW1wZTZBYzA=&act=2
Запрос: accid=173&birzid=4&login=kupiomiralinks&pass=WGJqaXBvY21ER21O&act=2
Запрос: accid=171&birzid=4&login=vilzi&pass=aVNVM25qRFowaHg=&act=2
Запрос: accid=461&birzid=2&login=chistyakoveo@yandex.ru&pass=NDgxNTE2MjM0MmE=&act=2
Запрос: accid=246&birzid=4&login=lostprophet&pass=MDUxMTgy&act=2
Запрос: accid=247&birzid=3&login=lostprophet&pass=MDUxMTgyMDUxMTgy&act=2
Запрос: accid=240&birzid=3&login=forkupio_old&pass=Zm9ya3VwaW8y&act=2
Запрос: accid=148&birzid=3&login=vilzi&pass=cXRXOW5lSDV3WVY=&act=2
Запрос: accid=238&birzid=6&login=popularizer@gmail.com&pass=VTB5bGVoZmM=&act=2
Запрос: accid=237&birzid=6&login=kupio@mail.ru&pass=Wk5PNjU1Q050endQYlgzaWJBREw=&act=2
Запрос: accid=235&birzid=6&login=fllampardfrank@gmail.com&pass=MnFJTzhiem9JQ1hQVGxmWlZpdm4=&act=2
Запрос: accid=234&birzid=6&login=oleg.shkolyarenko@gmail.com&pass=OTExMjQ4&act=2
Запрос: accid=232&birzid=6&login=xank@rambler.ru&pass=c2FjcmVkMzMzZGRk&act=2
Запрос: accid=230&birzid=6&login=polkin_beeline@mail.ru&pass=MDUwNDE5ODY=&act=2
Запрос: accid=225&birzid=6&login=chistyakoveo@yandex.ru&pass=YTQwMDllRjY2NA==&act=2
Запрос: accid=224&birzid=6&login=admin@servicedon.ru&pass=MDUxMTgy&act=2
Запрос: accid=223&birzid=6&login=oleg@tulkin.ru&pass=c2FjcmVkMzMzZGRk&act=2
Запрос: accid=299&birzid=2&login=nich.usptu@gmail.com&pass=c2Y2TkJjZzRAcHtZVUk=&act=2
Запрос: accid=301&birzid=5&login=nich.usptu@gmail.com&pass=emFyYWJvdG9r&act=2
Запрос: accid=302&birzid=1&login=nich.usptu@gmail.com&pass=emFyYWJvdG9r&act=2
Запрос: accid=124&birzid=2&login=dotwork@icloud.com&pass=SmRuaDZnUk9U&act=2
Запрос: accid=311&birzid=1&login=bazhenov87@mail.ru&pass=cG9zdGVyMTIz&act=2
Запрос: accid=313&birzid=1&login=sirdki2@yandex.ru&pass=RmlMNXlhYzhG&act=2
Запрос: accid=312&birzid=2&login=bazhenov87@mail.ru&pass=aGpuZmdqY24y&act=2
Запрос: accid=319&birzid=1&login=mymotion@mail.ru&pass=U3liamdGa2h2Mw==&act=2
Запрос: accid=320&birzid=4&login=myvdele@gmail.com&pass=a3VqZ2tRNEJWag==&act=2
Запрос: accid=321&birzid=2&login=alex@volkov.ru&pass=aWRpZ283MTA=&act=2
Запрос: accid=327&birzid=1&login=connect@cjcity.ru&pass=c2FjcmVk&act=2
Запрос: accid=329&birzid=2&login=adlibi2009@gmail.com&pass=bGExMjM0NTY=&act=2
Запрос: accid=330&birzid=4&login=VIT74&pass=c2FjcmVkMzM=&act=2
Запрос: accid=452&birzid=1&login=dusunkasan@gmail.com&pass=YWxhYmFtYTEyMw==&act=2
Запрос: accid=335&birzid=2&login=polukrovci@yandex.ru&pass=NjUzMDM5&act=2
Запрос: accid=343&birzid=1&login=kentnsk444@mail.ru&pass=bWFuYWdlcjEyMw==&act=2
Запрос: accid=345&birzid=2&login=credo_rnd@mail.ru&pass=cHJvbW82NTQ=&act=2
Запрос: accid=348&birzid=2&login=connect@cjcity.ru&pass=c2FjcmVk&act=2
Запрос: accid=349&birzid=6&login=connect@cjcity.ru&pass=c2FjcmVk&act=2
Запрос: accid=355&birzid=1&login=sasha@am.cn.ua&pass=MXgzdUc0M2w=&act=2
Запрос: accid=356&birzid=3&login=sasha271975&pass=c3NzMjcxOTc1&act=2
Запрос: accid=357&birzid=2&login=sasha@am.cn.ua&pass=c3NzMjcxOTc1&act=2
Запрос: accid=358&birzid=5&login=sasha@am.cn.ua&pass=Y0YwaER4a3M=&act=2
Запрос: accid=359&birzid=4&login=sasha271975&pass=c3NzMjcxOTc1&act=2
Запрос: accid=350&birzid=6&login=marus1121@inbox.ru&pass=MTEwMzE5ODE=&act=2
Запрос: accid=360&birzid=2&login=marus1121@inbox.ru&pass=MTEwMzE5ODE=&act=2
Запрос: accid=367&birzid=1&login=3limonames@gmail.com&pass=Z2dsX2F1dHM=&act=2
Запрос: accid=369&birzid=5&login=lapo4kalove@gmail.com&pass=c2VhcmNo&act=2
Запрос: accid=370&birzid=2&login=3limonames@gmail.com&pass=S0poZ2Y3NmZsS0hpdXREaGpr&act=2
Запрос: accid=373&birzid=6&login=3limonames@gmail.com&pass=dUVneTZEeWh1ZjRkaGZnc3Q=&act=2
Запрос: accid=372&birzid=5&login=3limonames@gmail.com&pass=YXV0c29yX2dnbF8x&act=2
Запрос: accid=371&birzid=4&login=anton_mira&pass=VWlmZkhKZ2RqaGhrbEc3NUY=&act=2
Запрос: accid=374&birzid=1&login=sainovich@mail.ru&pass=UmM1OUtMRzc=&act=2
Запрос: accid=375&birzid=5&login=sainovich@mail.ru&pass=UmM1OUtMRzc=&act=2
Запрос: accid=395&birzid=1&login=iliadin79@gmail.com&pass=ZGVyY2FzMzM=&act=2
Запрос: accid=396&birzid=2&login=iliadin79@gmail.com&pass=ZGVyY2FzMzM=&act=2
Запрос: accid=409&birzid=1&login=group@pochta.ru&pass=bHNudGJw&act=2
Запрос: accid=411&birzid=1&login=dusunkas@gmail.com&pass=YWxhYmFtYTEyMw==&act=2
Запрос: accid=412&birzid=4&login=masai@dubki.ru&pass=RHVCclJKS085dw==&act=2
Запрос: accid=413&birzid=2&login=studiya-seo@yandex.ru&pass=aUNrYURHd2hkQg==&act=2
Запрос: accid=416&birzid=3&login=odminfreeall_old&pass=bnRXcTFkMlU=&act=2
Запрос: accid=422&birzid=1&login=171078@mail.ru&pass=U2FjcmVkMTc3Nw==&act=2
Запрос: accid=423&birzid=3&login=slamfest_old&pass=cWF6d3N4ZWRj&act=2
Запрос: accid=434&birzid=1&login=kostiksun@mail.ru&pass=MTIzNDU2N2E=&act=2
Запрос: accid=433&birzid=3&login=seoakk_old&pass=N2I4NmJyOHY2&act=2
Запрос: accid=436&birzid=4&login=dusunkas@gmail.com&pass=YWxhYmFtYTEyMw==&act=2
Запрос: accid=437&birzid=3&login=tilki234&pass=YWxhYmFtYTEyMw==&act=2
Запрос: accid=439&birzid=4&login=mrtony&pass=SmRuaDZnTUlS&act=2
Запрос: accid=431&birzid=1&login=chistyakoveo@yandex.ru&pass=bWFydmVs&act=2
Запрос: accid=432&birzid=5&login=chistyakoveo@yandex.ru&pass=bWFydmVs&act=2
Запрос: accid=440&birzid=6&login=zuziken@gmail.com&pass=NDA2NGU2MEY3NA==&act=2
Запрос: accid=443&birzid=3&login=_oldsacred2012&pass=c2FjcmVkMjAxMg==&act=2
Запрос: accid=444&birzid=3&login=refers0_old&pass=OTExMjQ4&act=2
Запрос: accid=454&birzid=3&login=lenarumja&pass=b1g4aDdQMkU=&act=2
Запрос: accid=457&birzid=5&login=iliadin79@gmail.com&pass=ZGVyY2FzMzM=&act=2
Запрос: accid=456&birzid=6&login=iliadin79@gmail.com&pass=Y25mbmJjbmJyZg==&act=2
Запрос: accid=462&birzid=3&login=chistyakoveo&pass=NDgxNTE2MjM0Mmxvc3Q=&act=2
Запрос: accid=464&birzid=6&login=sasha@am.cn.ua&pass=c3NzMjcxOTc1&act=2
Запрос: accid=426&birzid=3&login=rus102_771_old&pass=MTIzNDVxd2VydHk=&act=2
Запрос: accid=477&birzid=1&login=sanarlab@yandex.ru&pass=YnlzdHJvcG9zdDE5&act=2
Запрос: accid=478&birzid=6&login=tolymen@gmail.com&pass=VG9seWFOTHk0d2lpOTk5OQ==&act=2
Запрос: accid=479&birzid=4&login=OldManSpb&pass=c29iYWthMTk=&act=2
Запрос: accid=428&birzid=3&login=tilki234_old&pass=YWxhYmFtYTEyMw==&act=2
Запрос: accid=425&birzid=5&login=polukrovci@yandex.ru&pass=Sng0bEh5M0VCaG5HTA==&act=2
Запрос: accid=424&birzid=1&login=polukrovci@yandex.ru&pass=UkY2aDhkWmI=&act=2
Запрос: accid=482&birzid=5&login=sanarlab@yandex.ru&pass=YnlzdHJvcG9zdDE5&act=2
Запрос: accid=429&birzid=4&login=manco&pass=MTExMXRlbXA=&act=2
Запрос: accid=484&birzid=1&login=mancoflot@mail.ru&pass=MTExMXRlbXA=&act=2
Запрос: accid=487&birzid=2&login=sanarlab@yandex.ru&pass=c29iYWthMTk=&act=2
Скрипт выполнен за: 35.08 сек.
Заблокировано: 3 должников.
Приостановлено: 171 биржевых аккаунтов.