Файл-лог автоматического блокирования пользователей за не оплату.
Создан: 03 декабря 2012 г. 10:40

Оплата за выполненное задание ID=26125
Оплата за выполненное задание ID=26406
Оплата за выполненное задание ID=25714
Оплата за выполненное задание ID=25715
Оплата за выполненное задание ID=26487
Оплата за выполненное задание ID=25770
Оплата за выполненное задание ID=25771
Оплата за выполненное задание ID=25859
Оплата за выполненное задание ID=25860
Оплата за выполненное задание ID=26032
Оплата за выполненное задание ID=26033
Оплата за выполненное задание ID=26060
Оплата за выполненное задание ID=21098
Оплата за выполненное задание ID=25788
Оплата за выполненное задание ID=25789
Оплата за выполненное задание ID=25790
Оплата за выполненное задание ID=25791
Оплата за выполненное задание ID=25792
Оплата за выполненное задание ID=25793
Оплата за выполненное задание ID=25843
Оплата за выполненное задание ID=25844
Оплата за выполненное задание ID=25997
Оплата за выполненное задание ID=25998
Оплата за выполненное задание ID=25999
Оплата за выполненное задание ID=26049
Оплата за выполненное задание ID=26320
Оплата за выполненное задание ID=26048
Оплата за выполненное задание ID=26210
Оплата за выполненное задание ID=26414
Оплата за выполненное задание ID=26415
Оплата за выполненное задание ID=26593
Оплата за выполненное задание ID=26057
Оплата за выполненное задание ID=26058
Оплата за выполненное задание ID=25807
Оплата за выполненное задание ID=26421
Оплата за выполненное задание ID=26422
Оплата за выполненное задание ID=24965


Вебмастер: 7490800@mail.ru
Долг в системе: 770 рублей. Сообщение отправлено.

Вебмастер: okynek1243@gmail.com
Долг в системе: 155 рублей. Сообщение отправлено.

Вебмастер: mkvin@mail.ru
Долг в системе: 330 рублей. Сообщение отправлено.

Вебмастер: evgeniylopanov@gmail.com
Долг в системе: 1820 рублей. Сообщение отправлено.

Вебмастер: nikolay.exe@gmail.com
Долг в системе: 990 рублей. Сообщение отправлено.

Вебмастер: viktor_kh@mail.ru
Долг в системе: 55 рублей. Сообщение отправлено.

Вебмастер: gsmflashes@ya.ru
Долг в системе: 500 рублей. Сообщение отправлено.

Вебмастер: support@bugulma.ws
Долг в системе: 220 рублей. Сообщение отправлено.

Вебмастер: mgoldru@gmail.com
Долг в системе: 10200 рублей. Сообщение отправлено.

Вебмастер: dusunkas@gmail.com
Долг в системе: 1293 рублей. Сообщение отправлено.

Вебмастер: hr011@yandex.ru
Долг в системе: 350 рублей. Сообщение отправлено.

Вебмастер: dombrovsky.v@gmail.com
Долг в системе: 330 рублей. Сообщение отправлено.

Вебмастер: dimabiz@yandex.ru
Долг в системе: 120 рублей. Сообщение отправлено.

Вебмастер: admin@aqua-shrimp.ru
Долг в системе: 120 рублей. Сообщение отправлено.

Вебмастер: v1014840@yandex.ru
Долг в системе: 405 рублей. Сообщение отправлено.Запрос: accid=33&birzid=2&login=vernon2001@mail.ru&pass=VWRnYWl6YTk=&act=2
Запрос: accid=114&birzid=3&login=vernon2001&pass=VWRnYWl6YTk=&act=2
Запрос: accid=55&birzid=1&login=mir_knigi@list.ru&pass=aXhVQ0ZCdEl0&act=2
Запрос: accid=392&birzid=1&login=waaq@mail.ru&pass=dHlnbzFnNw==&act=2
Запрос: accid=62&birzid=1&login=admin@servicedon.ru&pass=MDUxMTgy&act=2
Запрос: accid=17&birzid=1&login=vernon2001@mail.ru&pass=c2FjcmVkMzM=&act=2
Запрос: accid=161&birzid=1&login=7490800@mail.ru&pass=MjAwOTIwMDk=&act=2
Запрос: accid=153&birzid=1&login=okynek1243@gmail.com&pass=cG9pdXlwb2l1eQ==&act=2
Запрос: accid=127&birzid=1&login=wpro@bk.ru&pass=MTIzNDU2&act=2
Запрос: accid=391&birzid=3&login=baumanets&pass=bWF6YWZha2Fx&act=2
Запрос: accid=112&birzid=1&login=egoruz@gmail.com&pass=cGFzc2VycGFydDIwMTE=&act=2
Запрос: accid=102&birzid=1&login=mkvin@mail.ru&pass=U2FjcmVkMjAxMg==&act=2
Запрос: accid=202&birzid=1&login=evgeniylopanov@gmail.com&pass=SGxmYWozOEg5&act=2
Запрос: accid=260&birzid=1&login=nikolay.exe@gmail.com&pass=QTdZQy16Z1Fh&act=2
Запрос: accid=261&birzid=1&login=mrhappyalex@gmail.com&pass=NTlidmMzMQ==&act=2
Запрос: accid=274&birzid=1&login=viktor_kh@mail.ru&pass=QURNMTc4OQ==&act=2
Запрос: accid=284&birzid=1&login=shleev-v@mail.ru&pass=dEl4eW1lcUU=&act=2
Запрос: accid=40&birzid=2&login=info@rizolit-karelia.com&pass=dnR5dGw7dGhnaGp0cm5qZA==&act=2
Запрос: accid=63&birzid=2&login=admin@servicedon.ru&pass=MDUxMTgy&act=2
Запрос: accid=140&birzid=1&login=gsmflashes@ya.ru&pass=MjRzYWNyZWQ1Ng==&act=2
Запрос: accid=85&birzid=2&login=dom@utcplus.com.ua&pass=MTE3MTE3&act=2
Запрос: accid=106&birzid=2&login=lolnet.ru@gmail.com&pass=d2FjN1dMUko=&act=2
Запрос: accid=113&birzid=2&login=egoruz@gmail.com&pass=cGFzc2VycGFydDIwMTE=&act=2
Запрос: accid=129&birzid=2&login=arust@mail.ru&pass=RG9NaU5vNQ==&act=2
Запрос: accid=151&birzid=2&login=kimpeka@gmail.com&pass=b21pa3Jvbg==&act=2
Запрос: accid=206&birzid=2&login=popularizer@gmail.com&pass=TUNrZ3NVNFdaS3BmWiE=&act=2
Запрос: accid=275&birzid=2&login=viktor_kh@mail.ru&pass=VHhFIzY3cQ==&act=2
Запрос: accid=285&birzid=5&login=shleev-v@mail.ru&pass=cnRrbWRieQ==&act=2
Запрос: accid=276&birzid=5&login=viktor_kh@mail.ru&pass=QURNMTc4OQ==&act=2
Запрос: accid=216&birzid=5&login=popularizer@gmail.com&pass=RmVuYzBoY2J5dQ==&act=2
Запрос: accid=277&birzid=4&login=viktor888&pass=Vm5MckU2NzE=&act=2
Запрос: accid=171&birzid=4&login=vilzi&pass=aVNVM25qRFowaHg=&act=2
Запрос: accid=246&birzid=4&login=lostprophet&pass=MDUxMTgy&act=2
Запрос: accid=247&birzid=3&login=lostprophet&pass=MDUxMTgyMDUxMTgy&act=2
Запрос: accid=148&birzid=3&login=vilzi&pass=cXRXOW5lSDV3WVY=&act=2
Запрос: accid=238&birzid=6&login=popularizer@gmail.com&pass=VTB5bGVoZmM=&act=2
Запрос: accid=230&birzid=6&login=polkin_beeline@mail.ru&pass=MDUwNDE5ODY=&act=2
Запрос: accid=224&birzid=6&login=admin@servicedon.ru&pass=MDUxMTgy&act=2
Запрос: accid=313&birzid=1&login=sirdki2@yandex.ru&pass=RmlMNXlhYzhG&act=2
Запрос: accid=318&birzid=2&login=support@bugulma.ws&pass=c21ZOHhx&act=2
Запрос: accid=319&birzid=1&login=mymotion@mail.ru&pass=U3liamdGa2h2Mw==&act=2
Запрос: accid=325&birzid=2&login=spenderblog@gmail.com&pass=Y1VOTVp6VDZ1YiZbeSs=&act=2
Запрос: accid=324&birzid=6&login=spenderblog@gmail.com&pass=Vnl6aGFyYTI4&act=2
Запрос: accid=326&birzid=4&login=spenderblog@gmail.com&pass=Vnl6aGFyYTI4&act=2
Запрос: accid=330&birzid=4&login=VIT74&pass=c2FjcmVkMzM=&act=2
Запрос: accid=452&birzid=1&login=dusunkasan@gmail.com&pass=YWxhYmFtYTEyMw==&act=2
Запрос: accid=350&birzid=6&login=marus1121@inbox.ru&pass=MTEwMzE5ODE=&act=2
Запрос: accid=360&birzid=2&login=marus1121@inbox.ru&pass=MTEwMzE5ODE=&act=2
Запрос: accid=366&birzid=1&login=Den-latypov@yandex.ru&pass=NTQzMjEw&act=2
Запрос: accid=378&birzid=1&login=baumanets@gmail.com&pass=cXdlcnR5&act=2
Запрос: accid=220&birzid=1&login=arust@mail.ru&pass=c2FjcmVkMzMzZGRk&act=2
Запрос: accid=409&birzid=1&login=group@pochta.ru&pass=bHNudGJw&act=2
Запрос: accid=411&birzid=1&login=dusunkas@gmail.com&pass=YWxhYmFtYTEyMw==&act=2
Запрос: accid=417&birzid=1&login=hr011@yandex.ru&pass=Z3Vlc3RndWVzdA==&act=2
Запрос: accid=436&birzid=4&login=dusunkas@gmail.com&pass=YWxhYmFtYTEyMw==&act=2
Запрос: accid=437&birzid=3&login=tilki234&pass=YWxhYmFtYTEyMw==&act=2
Запрос: accid=539&birzid=3&login=dombrovsky_guess_old&pass=cGFzc3dvcmQ=&act=2
Запрос: accid=473&birzid=1&login=381222@mail.ru&pass=dXBvWWlPWFY=&act=2
Запрос: accid=428&birzid=3&login=tilki234_old&pass=YWxhYmFtYTEyMw==&act=2
Запрос: accid=493&birzid=2&login=RollerDimon@yandex.ru&pass=Um8xMWVyMzI=&act=2
Запрос: accid=505&birzid=3&login=vaiolover_old&pass=dmQ1N2FiMQ==&act=2
Запрос: accid=546&birzid=2&login=dombrovsky.v@gmail.com&pass=NEkuTGtOPjVvMDMheHQv&act=2
Скрипт выполнен за: 184.71 сек.
Заблокировано: 15 должников.
Приостановлено: 62 биржевых аккаунтов.