Файл-лог автоматического выставления считов на оплату.
Создан: 06 декабря 2012 г. 23:12

Cчет выставлен успешно! Webmaster: 6
Cчет выставлен успешно! Webmaster: 8
Cчет выставлен успешно! Webmaster: 9
Cчет выставлен успешно! Webmaster: 13
Cчет выставлен успешно! Webmaster: 21
Cчет выставлен успешно! Webmaster: 24
Cчет выставлен успешно! Webmaster: 25
Cчет выставлен успешно! Webmaster: 34
Cчет выставлен успешно! Webmaster: 43
Cчет выставлен успешно! Webmaster: 46
Cчет выставлен успешно! Webmaster: 51
Cчет выставлен успешно! Webmaster: 60
Cчет выставлен успешно! Webmaster: 63
Cчет выставлен успешно! Webmaster: 64
Cчет выставлен успешно! Webmaster: 77
Cчет выставлен успешно! Webmaster: 82
Cчет выставлен успешно! Webmaster: 85
Cчет выставлен успешно! Webmaster: 87
Cчет выставлен успешно! Webmaster: 99
Cчет выставлен успешно! Webmaster: 104
Cчет выставлен успешно! Webmaster: 122
Cчет выставлен успешно! Webmaster: 123
Cчет выставлен успешно! Webmaster: 137
Cчет выставлен успешно! Webmaster: 150
Cчет выставлен успешно! Webmaster: 174
Cчет выставлен успешно! Webmaster: 182
Cчет выставлен успешно! Webmaster: 224
Скрипт выполнен за: 0.04 сек.
Выставлено: 27 счетов.