Файл-лог автоматической проверки оплаты считов.
Создан: 06 декабря 2012 г. 23:17

Баланс пополнен! Webmaster: 6
Баланс пополнен! Webmaster: 8
Баланс пополнен! Webmaster: 9
Баланс пополнен! Webmaster: 13
Баланс пополнен! Webmaster: 21
Баланс пополнен! Webmaster: 24
Баланс пополнен! Webmaster: 25
Баланс пополнен! Webmaster: 34
Баланс пополнен! Webmaster: 43
Баланс пополнен! Webmaster: 46
Баланс пополнен! Webmaster: 51
Баланс пополнен! Webmaster: 60
Баланс пополнен! Webmaster: 63
Баланс пополнен! Webmaster: 64
Баланс пополнен! Webmaster: 77
Баланс пополнен! Webmaster: 82
Баланс пополнен! Webmaster: 85
Баланс пополнен! Webmaster: 87
Баланс пополнен! Webmaster: 99
Баланс пополнен! Webmaster: 104
Баланс пополнен! Webmaster: 122
Баланс пополнен! Webmaster: 123
Баланс пополнен! Webmaster: 137
Баланс пополнен! Webmaster: 150
Баланс пополнен! Webmaster: 174
Баланс пополнен! Webmaster: 182
Баланс пополнен! Webmaster: 224
Скрипт выполнен за: 0.01 сек.
Оплачено: 27 счетов.
Не оплачено: 0 счетов.
