Файл-лог импорта выполненных работ.
Создан: 06 ноября 2012 г. 21:06

----------------------- Вебмастер: 111vit111@mail.ru -----------------------------

Запрос: birzid=1&accid=64&datefrom=2012-11-06&dateto=2012-11-06
Получено работ: 4 шт. 
Запрос: birzid=2&accid=76&datefrom=2012-11-06&dateto=2012-11-06
Получено работ: 0 шт. 
----------------------- Вебмастер: 19msd@mail.ru -----------------------------

Запрос: birzid=1&accid=27&datefrom=2012-11-06&dateto=2012-11-06
Получено работ: 0 шт. 
Запрос: birzid=1&accid=167&datefrom=2012-11-06&dateto=2012-11-06
Получено работ: 0 шт. 
Запрос: birzid=2&accid=39&datefrom=2012-11-06&dateto=2012-11-06
Получено работ: 1 шт. 
Запрос: birzid=3&accid=147&datefrom=2012-11-06&dateto=2012-11-06
Получено работ: 1 шт. 
----------------------- Вебмастер: 7490800@mail.ru -----------------------------

Запрос: birzid=1&accid=161&datefrom=2012-11-06&dateto=2012-11-06
Получено работ: 2 шт. 
----------------------- Вебмастер: a.onushchyk@gmail.com -----------------------------

Запрос: birzid=2&accid=126&datefrom=2012-11-06&dateto=2012-11-06
Получено работ: 0 шт. 
----------------------- Вебмастер: dotwork@icloud.com -----------------------------

Запрос: birzid=1&accid=296&datefrom=2012-11-06&dateto=2012-11-06
Получено работ: 0 шт. 
Запрос: birzid=2&accid=124&datefrom=2012-11-06&dateto=2012-11-06
Получено работ: 0 шт. 
Запрос: birzid=4&accid=439&datefrom=2012-11-06&dateto=2012-11-06
Получено работ: 1 шт. 
----------------------- Вебмастер: admin@priut.info -----------------------------

Запрос: birzid=1&accid=49&datefrom=2012-11-06&dateto=2012-11-06
Получено работ: 10 шт. 
Запрос: birzid=2&accid=46&datefrom=2012-11-06&dateto=2012-11-06
Получено работ: 2 шт. 
Запрос: birzid=6&accid=212&datefrom=2012-11-06&dateto=2012-11-06
Получено работ: 0 шт. 
----------------------- Вебмастер: andrey_l@lenta.ru -----------------------------

Запрос: birzid=1&accid=50&datefrom=2012-11-06&dateto=2012-11-06
Получено работ: 2 шт. 
Запрос: birzid=2&accid=329&datefrom=2012-11-06&dateto=2012-11-06
Получено работ: 0 шт. 
Запрос: birzid=3&accid=443&datefrom=2012-11-06&dateto=2012-11-06
Получено работ: 0 шт. 
Запрос: birzid=6&accid=219&datefrom=2012-11-06&dateto=2012-11-06
Получено работ: 0 шт. 
----------------------- Вебмастер: arust@mail.ru -----------------------------

Запрос: birzid=1&accid=220&datefrom=2012-11-06&dateto=2012-11-06
Получено работ: 0 шт. 
Запрос: birzid=1&accid=473&datefrom=2012-11-06&dateto=2012-11-06
Получено работ: 0 шт. 
Запрос: birzid=2&accid=129&datefrom=2012-11-06&dateto=2012-11-06
Получено работ: 0 шт. 
----------------------- Вебмастер: aweksa.public@gmail.com -----------------------------

Запрос: birzid=2&accid=178&datefrom=2012-11-06&dateto=2012-11-06
Получено работ: 0 шт. 
----------------------- Вебмастер: bazhenov87@mail.ru -----------------------------

Запрос: birzid=1&accid=311&datefrom=2012-11-06&dateto=2012-11-06
Получено работ: 0 шт. 
Запрос: birzid=2&accid=312&datefrom=2012-11-06&dateto=2012-11-06
Получено работ: 0 шт. 
----------------------- Вебмастер: bazilix@gmail.com -----------------------------

Запрос: birzid=1&accid=54&datefrom=2012-11-06&dateto=2012-11-06
Получено работ: 0 шт. 
----------------------- Вебмастер: chad1@ukr.net -----------------------------

Запрос: birzid=1&accid=61&datefrom=2012-11-06&dateto=2012-11-06
Получено работ: 0 шт. 
Запрос: birzid=2&accid=179&datefrom=2012-11-06&dateto=2012-11-06
Получено работ: 0 шт. 
Запрос: birzid=6&accid=227&datefrom=2012-11-06&dateto=2012-11-06
Получено работ: 0 шт. 
----------------------- Вебмастер: chistyakoveo@yandex.ru -----------------------------

Запрос: birzid=1&accid=431&datefrom=2012-11-06&dateto=2012-11-06
Получено работ: 0 шт. 
Запрос: birzid=2&accid=461&datefrom=2012-11-06&dateto=2012-11-06
Получено работ: 0 шт. 
Запрос: birzid=3&accid=462&datefrom=2012-11-06&dateto=2012-11-06
Получено работ: 0 шт. 
Запрос: birzid=4&accid=154&datefrom=2012-11-06&dateto=2012-11-06
Получено работ: 0 шт. 
Запрос: birzid=5&accid=432&datefrom=2012-11-06&dateto=2012-11-06
Получено работ: 0 шт. 
Запрос: birzid=6&accid=225&datefrom=2012-11-06&dateto=2012-11-06
Получено работ: 0 шт. 
----------------------- Вебмастер: Cnc3@list.ru -----------------------------

Запрос: birzid=1&accid=166&datefrom=2012-11-06&dateto=2012-11-06
Получено работ: 2 шт. 
Запрос: birzid=2&accid=207&datefrom=2012-11-06&dateto=2012-11-06
Получено работ: 2 шт. 
----------------------- Вебмастер: danyshka@yandex.ru -----------------------------

Запрос: birzid=1&accid=248&datefrom=2012-11-06&dateto=2012-11-06
Получено работ: 0 шт. 
Запрос: birzid=2&accid=268&datefrom=2012-11-06&dateto=2012-11-06
Получено работ: 0 шт. 
Запрос: birzid=5&accid=317&datefrom=2012-11-06&dateto=2012-11-06
Получено работ: 1 шт. 
----------------------- Вебмастер: dchernousov@yandex.ru -----------------------------

Запрос: birzid=1&accid=29&datefrom=2012-11-06&dateto=2012-11-06
Получено работ: 0 шт. 
----------------------- Вебмастер: dombrovsky.v@gmail.com -----------------------------

Запрос: birzid=3&accid=438&datefrom=2012-11-06&dateto=2012-11-06
Ошибка при получении данных: Account not found
----------------------- Вебмастер: doc.x@mail.ru -----------------------------

Запрос: birzid=1&accid=74&datefrom=2012-11-06&dateto=2012-11-06
Получено работ: 0 шт. 
Запрос: birzid=2&accid=75&datefrom=2012-11-06&dateto=2012-11-06
Получено работ: 0 шт. 
----------------------- Вебмастер: lingon@inbox.ru -----------------------------

Запрос: birzid=4&accid=267&datefrom=2012-11-06&dateto=2012-11-06
Получено работ: 0 шт. 
----------------------- Вебмастер: ilya.dolgoff@gmail.com -----------------------------

Запрос: birzid=3&accid=256&datefrom=2012-11-06&dateto=2012-11-06
Получено работ: 0 шт. 
Запрос: birzid=4&accid=249&datefrom=2012-11-06&dateto=2012-11-06
Получено работ: 0 шт. 
----------------------- Вебмастер: dudik666@gmail.com -----------------------------

Запрос: birzid=2&accid=108&datefrom=2012-11-06&dateto=2012-11-06
Получено работ: 0 шт. 
Запрос: birzid=4&accid=155&datefrom=2012-11-06&dateto=2012-11-06
Получено работ: 0 шт. 
----------------------- Вебмастер: effi.kos@gmail.com -----------------------------

Запрос: birzid=1&accid=51&datefrom=2012-11-06&dateto=2012-11-06
Получено работ: 0 шт. 
Запрос: birzid=2&accid=322&datefrom=2012-11-06&dateto=2012-11-06
Получено работ: 0 шт. 
Запрос: birzid=6&accid=342&datefrom=2012-11-06&dateto=2012-11-06
Получено работ: 0 шт. 
----------------------- Вебмастер: egerov_vasiliy@mail.ru -----------------------------

Запрос: birzid=1&accid=287&datefrom=2012-11-06&dateto=2012-11-06
Получено работ: 0 шт. 
----------------------- Вебмастер: egoruz@gmail.com -----------------------------

Запрос: birzid=1&accid=112&datefrom=2012-11-06&dateto=2012-11-06
Получено работ: 0 шт. 
Запрос: birzid=2&accid=113&datefrom=2012-11-06&dateto=2012-11-06
Получено работ: 0 шт. 
----------------------- Вебмастер: nerulinz@mail.ru -----------------------------

Отсутствуют биржевые аккануты!
----------------------- Вебмастер: evgeniylopanov@gmail.com -----------------------------

Запрос: birzid=1&accid=202&datefrom=2012-11-06&dateto=2012-11-06
Получено работ: 1 шт. 
----------------------- Вебмастер: gsmflashes@ya.ru -----------------------------

Запрос: birzid=1&accid=140&datefrom=2012-11-06&dateto=2012-11-06
Получено работ: 1 шт. 
----------------------- Вебмастер: gusdo@yandex.ru -----------------------------

Запрос: birzid=2&accid=181&datefrom=2012-11-06&dateto=2012-11-06
Получено работ: 0 шт. 
Запрос: birzid=6&accid=226&datefrom=2012-11-06&dateto=2012-11-06
Получено работ: 0 шт. 
----------------------- Вебмастер: invergo@mail.ru -----------------------------

Запрос: birzid=1&accid=101&datefrom=2012-11-06&dateto=2012-11-06
Получено работ: 0 шт. 
----------------------- Вебмастер: it.kirill@gmail.com -----------------------------

Запрос: birzid=1&accid=131&datefrom=2012-11-06&dateto=2012-11-06
Получено работ: 0 шт. 
Запрос: birzid=2&accid=132&datefrom=2012-11-06&dateto=2012-11-06
Получено работ: 0 шт. 
Запрос: birzid=4&accid=157&datefrom=2012-11-06&dateto=2012-11-06
Получено работ: 0 шт. 
Запрос: birzid=4&accid=158&datefrom=2012-11-06&dateto=2012-11-06
Получено работ: 0 шт. 
Запрос: birzid=5&accid=184&datefrom=2012-11-06&dateto=2012-11-06
Получено работ: 0 шт. 
----------------------- Вебмастер: bazzookka@yandex.ru -----------------------------

Запрос: birzid=3&accid=427&datefrom=2012-11-06&dateto=2012-11-06
Получено работ: 0 шт. 
----------------------- Вебмастер: killerok@bk.ru -----------------------------

Запрос: birzid=2&accid=79&datefrom=2012-11-06&dateto=2012-11-06
Получено работ: 0 шт. 
----------------------- Вебмастер: kimpeka@gmail.com -----------------------------

Запрос: birzid=2&accid=151&datefrom=2012-11-06&dateto=2012-11-06
Получено работ: 0 шт. 
----------------------- Вебмастер: kupio@mail.ru -----------------------------

Запрос: birzid=1&accid=191&datefrom=2012-11-06&dateto=2012-11-06
Получено работ: 0 шт. 
Запрос: birzid=1&accid=204&datefrom=2012-11-06&dateto=2012-11-06
Получено работ: 1 шт. 
Запрос: birzid=2&accid=172&datefrom=2012-11-06&dateto=2012-11-06
Получено работ: 0 шт. 
Запрос: birzid=2&accid=192&datefrom=2012-11-06&dateto=2012-11-06
Получено работ: 0 шт. 
Запрос: birzid=3&accid=240&datefrom=2012-11-06&dateto=2012-11-06
Получено работ: 0 шт. 
Запрос: birzid=4&accid=173&datefrom=2012-11-06&dateto=2012-11-06
Получено работ: 0 шт. 
Запрос: birzid=4&accid=190&datefrom=2012-11-06&dateto=2012-11-06
Ошибка при получении данных: Account not found
Запрос: birzid=5&accid=183&datefrom=2012-11-06&dateto=2012-11-06
Получено работ: 0 шт. 
Запрос: birzid=6&accid=235&datefrom=2012-11-06&dateto=2012-11-06
Получено работ: 0 шт. 
Запрос: birzid=6&accid=237&datefrom=2012-11-06&dateto=2012-11-06
Получено работ: 0 шт. 
----------------------- Вебмастер: lampo4kalove@gmail.com -----------------------------

Запрос: birzid=1&accid=168&datefrom=2012-11-06&dateto=2012-11-06
Получено работ: 1 шт. 
Запрос: birzid=2&accid=68&datefrom=2012-11-06&dateto=2012-11-06
Получено работ: 0 шт. 
Запрос: birzid=4&accid=241&datefrom=2012-11-06&dateto=2012-11-06
Получено работ: 3 шт. 
Запрос: birzid=5&accid=369&datefrom=2012-11-06&dateto=2012-11-06
Получено работ: 0 шт. 
----------------------- Вебмастер: loadinfo@megabox.ru -----------------------------

Запрос: birzid=1&accid=58&datefrom=2012-11-06&dateto=2012-11-06
Получено работ: 0 шт. 
Запрос: birzid=2&accid=45&datefrom=2012-11-06&dateto=2012-11-06
Получено работ: 0 шт. 
Запрос: birzid=4&accid=257&datefrom=2012-11-06&dateto=2012-11-06
Получено работ: 0 шт. 
Запрос: birzid=5&accid=187&datefrom=2012-11-06&dateto=2012-11-06
Получено работ: 0 шт. 
Запрос: birzid=6&accid=213&datefrom=2012-11-06&dateto=2012-11-06
Получено работ: 0 шт. 
----------------------- Вебмастер: lolnet.ru@gmail.com -----------------------------

Запрос: birzid=2&accid=106&datefrom=2012-11-06&dateto=2012-11-06
Получено работ: 0 шт. 
----------------------- Вебмастер: mail@shelvin.ru -----------------------------

Запрос: birzid=1&accid=60&datefrom=2012-11-06&dateto=2012-11-06
Получено работ: 2 шт. 
Запрос: birzid=3&accid=450&datefrom=2012-11-06&dateto=2012-11-06
Получено работ: 1 шт. 
