Файл-лог импорта выполненных работ.
Создан: 06 ноября 2012 г. 22:38

----------------------- Вебмастер: 111vit111@mail.ru -----------------------------

Запрос: birzid=1&accid=64&datefrom=2012-11-06&dateto=2012-11-06
Получено работ: 4 шт. 
Запрос: birzid=2&accid=76&datefrom=2012-11-06&dateto=2012-11-06
Получено работ: 0 шт. 
----------------------- Вебмастер: 19msd@mail.ru -----------------------------

Запрос: birzid=1&accid=27&datefrom=2012-11-06&dateto=2012-11-06
Получено работ: 0 шт. 
Запрос: birzid=1&accid=167&datefrom=2012-11-06&dateto=2012-11-06
Получено работ: 0 шт. 
Запрос: birzid=2&accid=39&datefrom=2012-11-06&dateto=2012-11-06
Получено работ: 1 шт. 
Запрос: birzid=3&accid=147&datefrom=2012-11-06&dateto=2012-11-06
Получено работ: 1 шт. 
----------------------- Вебмастер: 7490800@mail.ru -----------------------------

Запрос: birzid=1&accid=161&datefrom=2012-11-06&dateto=2012-11-06
Получено работ: 2 шт. 
----------------------- Вебмастер: a.onushchyk@gmail.com -----------------------------

Запрос: birzid=2&accid=126&datefrom=2012-11-06&dateto=2012-11-06
Получено работ: 0 шт. 
----------------------- Вебмастер: dotwork@icloud.com -----------------------------

Запрос: birzid=1&accid=296&datefrom=2012-11-06&dateto=2012-11-06
Получено работ: 0 шт. 
Запрос: birzid=2&accid=124&datefrom=2012-11-06&dateto=2012-11-06
Получено работ: 0 шт. 
Запрос: birzid=4&accid=439&datefrom=2012-11-06&dateto=2012-11-06
Получено работ: 1 шт. 
----------------------- Вебмастер: admin@priut.info -----------------------------

Запрос: birzid=1&accid=49&datefrom=2012-11-06&dateto=2012-11-06
Получено работ: 10 шт. 
Запрос: birzid=2&accid=46&datefrom=2012-11-06&dateto=2012-11-06
Получено работ: 2 шт. 
Запрос: birzid=6&accid=212&datefrom=2012-11-06&dateto=2012-11-06
Получено работ: 0 шт. 
----------------------- Вебмастер: andrey_l@lenta.ru -----------------------------

Запрос: birzid=1&accid=50&datefrom=2012-11-06&dateto=2012-11-06
Получено работ: 2 шт. 
Запрос: birzid=2&accid=329&datefrom=2012-11-06&dateto=2012-11-06
Получено работ: 0 шт. 
Запрос: birzid=3&accid=443&datefrom=2012-11-06&dateto=2012-11-06
Получено работ: 0 шт. 
Запрос: birzid=6&accid=219&datefrom=2012-11-06&dateto=2012-11-06
Получено работ: 0 шт. 
----------------------- Вебмастер: arust@mail.ru -----------------------------

Запрос: birzid=1&accid=220&datefrom=2012-11-06&dateto=2012-11-06
Получено работ: 0 шт. 
Запрос: birzid=1&accid=473&datefrom=2012-11-06&dateto=2012-11-06
Получено работ: 0 шт. 
Запрос: birzid=2&accid=129&datefrom=2012-11-06&dateto=2012-11-06
Получено работ: 0 шт. 
----------------------- Вебмастер: aweksa.public@gmail.com -----------------------------

Запрос: birzid=2&accid=178&datefrom=2012-11-06&dateto=2012-11-06
Получено работ: 0 шт. 
----------------------- Вебмастер: bazhenov87@mail.ru -----------------------------

Запрос: birzid=1&accid=311&datefrom=2012-11-06&dateto=2012-11-06
Получено работ: 0 шт. 
Запрос: birzid=2&accid=312&datefrom=2012-11-06&dateto=2012-11-06
Получено работ: 0 шт. 
----------------------- Вебмастер: bazilix@gmail.com -----------------------------

Запрос: birzid=1&accid=54&datefrom=2012-11-06&dateto=2012-11-06
Получено работ: 0 шт. 
----------------------- Вебмастер: chad1@ukr.net -----------------------------

Запрос: birzid=1&accid=61&datefrom=2012-11-06&dateto=2012-11-06
Получено работ: 0 шт. 
Запрос: birzid=2&accid=179&datefrom=2012-11-06&dateto=2012-11-06
Получено работ: 0 шт. 
Запрос: birzid=6&accid=227&datefrom=2012-11-06&dateto=2012-11-06
Получено работ: 0 шт. 
----------------------- Вебмастер: chistyakoveo@yandex.ru -----------------------------

Запрос: birzid=1&accid=431&datefrom=2012-11-06&dateto=2012-11-06
Получено работ: 0 шт. 
Запрос: birzid=2&accid=461&datefrom=2012-11-06&dateto=2012-11-06
Получено работ: 0 шт. 
Запрос: birzid=3&accid=462&datefrom=2012-11-06&dateto=2012-11-06
Получено работ: 0 шт. 
Запрос: birzid=4&accid=154&datefrom=2012-11-06&dateto=2012-11-06
Получено работ: 0 шт. 
Запрос: birzid=5&accid=432&datefrom=2012-11-06&dateto=2012-11-06
Получено работ: 0 шт. 
Запрос: birzid=6&accid=225&datefrom=2012-11-06&dateto=2012-11-06
Получено работ: 0 шт. 
----------------------- Вебмастер: Cnc3@list.ru -----------------------------

Запрос: birzid=1&accid=166&datefrom=2012-11-06&dateto=2012-11-06
Получено работ: 2 шт. 
Запрос: birzid=2&accid=207&datefrom=2012-11-06&dateto=2012-11-06
Получено работ: 2 шт. 
----------------------- Вебмастер: danyshka@yandex.ru -----------------------------

Запрос: birzid=1&accid=248&datefrom=2012-11-06&dateto=2012-11-06
Получено работ: 0 шт. 
Запрос: birzid=2&accid=268&datefrom=2012-11-06&dateto=2012-11-06
Получено работ: 0 шт. 
Запрос: birzid=5&accid=317&datefrom=2012-11-06&dateto=2012-11-06
Получено работ: 1 шт. 
----------------------- Вебмастер: dchernousov@yandex.ru -----------------------------

Запрос: birzid=1&accid=29&datefrom=2012-11-06&dateto=2012-11-06
Получено работ: 0 шт. 
----------------------- Вебмастер: dombrovsky.v@gmail.com -----------------------------

Запрос: birzid=3&accid=438&datefrom=2012-11-06&dateto=2012-11-06
Ошибка при получении данных: Account not found
----------------------- Вебмастер: doc.x@mail.ru -----------------------------

Запрос: birzid=1&accid=74&datefrom=2012-11-06&dateto=2012-11-06
Получено работ: 0 шт. 
Запрос: birzid=2&accid=75&datefrom=2012-11-06&dateto=2012-11-06
Получено работ: 0 шт. 
----------------------- Вебмастер: lingon@inbox.ru -----------------------------

Запрос: birzid=4&accid=267&datefrom=2012-11-06&dateto=2012-11-06
Получено работ: 0 шт. 
----------------------- Вебмастер: ilya.dolgoff@gmail.com -----------------------------

Запрос: birzid=3&accid=256&datefrom=2012-11-06&dateto=2012-11-06
Получено работ: 0 шт. 
Запрос: birzid=4&accid=249&datefrom=2012-11-06&dateto=2012-11-06
Получено работ: 0 шт. 
----------------------- Вебмастер: dudik666@gmail.com -----------------------------

Запрос: birzid=2&accid=108&datefrom=2012-11-06&dateto=2012-11-06
Получено работ: 0 шт. 
Запрос: birzid=4&accid=155&datefrom=2012-11-06&dateto=2012-11-06
Получено работ: 0 шт. 
----------------------- Вебмастер: effi.kos@gmail.com -----------------------------

Запрос: birzid=1&accid=51&datefrom=2012-11-06&dateto=2012-11-06
Получено работ: 0 шт. 
Запрос: birzid=2&accid=322&datefrom=2012-11-06&dateto=2012-11-06
Получено работ: 0 шт. 
Запрос: birzid=6&accid=342&datefrom=2012-11-06&dateto=2012-11-06
Получено работ: 0 шт. 
----------------------- Вебмастер: egerov_vasiliy@mail.ru -----------------------------

Запрос: birzid=1&accid=287&datefrom=2012-11-06&dateto=2012-11-06
Получено работ: 0 шт. 
----------------------- Вебмастер: egoruz@gmail.com -----------------------------

Запрос: birzid=1&accid=112&datefrom=2012-11-06&dateto=2012-11-06
Получено работ: 0 шт. 
Запрос: birzid=2&accid=113&datefrom=2012-11-06&dateto=2012-11-06
Получено работ: 0 шт. 
----------------------- Вебмастер: nerulinz@mail.ru -----------------------------

Отсутствуют биржевые аккануты!
----------------------- Вебмастер: evgeniylopanov@gmail.com -----------------------------

Запрос: birzid=1&accid=202&datefrom=2012-11-06&dateto=2012-11-06
Получено работ: 1 шт. 
----------------------- Вебмастер: gsmflashes@ya.ru -----------------------------

Запрос: birzid=1&accid=140&datefrom=2012-11-06&dateto=2012-11-06
Получено работ: 1 шт. 
----------------------- Вебмастер: gusdo@yandex.ru -----------------------------

Запрос: birzid=2&accid=181&datefrom=2012-11-06&dateto=2012-11-06
Получено работ: 0 шт. 
Запрос: birzid=6&accid=226&datefrom=2012-11-06&dateto=2012-11-06
Получено работ: 0 шт. 
----------------------- Вебмастер: invergo@mail.ru -----------------------------

Запрос: birzid=1&accid=101&datefrom=2012-11-06&dateto=2012-11-06
Получено работ: 0 шт. 
----------------------- Вебмастер: it.kirill@gmail.com -----------------------------

Запрос: birzid=1&accid=131&datefrom=2012-11-06&dateto=2012-11-06
Получено работ: 0 шт. 
Запрос: birzid=2&accid=132&datefrom=2012-11-06&dateto=2012-11-06
Получено работ: 0 шт. 
Запрос: birzid=4&accid=157&datefrom=2012-11-06&dateto=2012-11-06
Получено работ: 0 шт. 
Запрос: birzid=4&accid=158&datefrom=2012-11-06&dateto=2012-11-06
Получено работ: 0 шт. 
Запрос: birzid=5&accid=184&datefrom=2012-11-06&dateto=2012-11-06
Получено работ: 0 шт. 
----------------------- Вебмастер: bazzookka@yandex.ru -----------------------------

Запрос: birzid=3&accid=427&datefrom=2012-11-06&dateto=2012-11-06
Получено работ: 0 шт. 
----------------------- Вебмастер: killerok@bk.ru -----------------------------

Запрос: birzid=2&accid=79&datefrom=2012-11-06&dateto=2012-11-06
Получено работ: 0 шт. 
----------------------- Вебмастер: kimpeka@gmail.com -----------------------------

Запрос: birzid=2&accid=151&datefrom=2012-11-06&dateto=2012-11-06
Получено работ: 0 шт. 
----------------------- Вебмастер: kupio@mail.ru -----------------------------

Запрос: birzid=1&accid=191&datefrom=2012-11-06&dateto=2012-11-06
Получено работ: 0 шт. 
Запрос: birzid=1&accid=204&datefrom=2012-11-06&dateto=2012-11-06
Получено работ: 1 шт. 
Запрос: birzid=2&accid=172&datefrom=2012-11-06&dateto=2012-11-06
Получено работ: 0 шт. 
Запрос: birzid=2&accid=192&datefrom=2012-11-06&dateto=2012-11-06
Получено работ: 0 шт. 
Запрос: birzid=3&accid=240&datefrom=2012-11-06&dateto=2012-11-06
Получено работ: 0 шт. 
Запрос: birzid=4&accid=173&datefrom=2012-11-06&dateto=2012-11-06
Получено работ: 0 шт. 
Запрос: birzid=4&accid=190&datefrom=2012-11-06&dateto=2012-11-06
Ошибка при получении данных: Account not found
Запрос: birzid=5&accid=183&datefrom=2012-11-06&dateto=2012-11-06
Получено работ: 0 шт. 
Запрос: birzid=6&accid=235&datefrom=2012-11-06&dateto=2012-11-06
Получено работ: 0 шт. 
Запрос: birzid=6&accid=237&datefrom=2012-11-06&dateto=2012-11-06
Получено работ: 0 шт. 
----------------------- Вебмастер: lampo4kalove@gmail.com -----------------------------

Запрос: birzid=1&accid=168&datefrom=2012-11-06&dateto=2012-11-06
Получено работ: 1 шт. 
Запрос: birzid=2&accid=68&datefrom=2012-11-06&dateto=2012-11-06
Получено работ: 0 шт. 
Запрос: birzid=4&accid=241&datefrom=2012-11-06&dateto=2012-11-06
Получено работ: 3 шт. 
Запрос: birzid=5&accid=369&datefrom=2012-11-06&dateto=2012-11-06
Получено работ: 0 шт. 
----------------------- Вебмастер: loadinfo@megabox.ru -----------------------------

Запрос: birzid=1&accid=58&datefrom=2012-11-06&dateto=2012-11-06
Получено работ: 0 шт. 
Запрос: birzid=2&accid=45&datefrom=2012-11-06&dateto=2012-11-06
Получено работ: 0 шт. 
Запрос: birzid=4&accid=257&datefrom=2012-11-06&dateto=2012-11-06
Получено работ: 0 шт. 
Запрос: birzid=5&accid=187&datefrom=2012-11-06&dateto=2012-11-06
Получено работ: 0 шт. 
Запрос: birzid=6&accid=213&datefrom=2012-11-06&dateto=2012-11-06
Получено работ: 0 шт. 
----------------------- Вебмастер: lolnet.ru@gmail.com -----------------------------

Запрос: birzid=2&accid=106&datefrom=2012-11-06&dateto=2012-11-06
Получено работ: 0 шт. 
----------------------- Вебмастер: mail@shelvin.ru -----------------------------

Запрос: birzid=1&accid=60&datefrom=2012-11-06&dateto=2012-11-06
Получено работ: 2 шт. 
Запрос: birzid=3&accid=450&datefrom=2012-11-06&dateto=2012-11-06
Получено работ: 1 шт. 
----------------------- Вебмастер: masai@dubki.ru -----------------------------

Запрос: birzid=1&accid=289&datefrom=2012-11-06&dateto=2012-11-06
Получено работ: 1 шт. 
Запрос: birzid=1&accid=374&datefrom=2012-11-06&dateto=2012-11-06
Получено работ: 1 шт. 
Запрос: birzid=2&accid=413&datefrom=2012-11-06&dateto=2012-11-06
Получено работ: 0 шт. 
Запрос: birzid=4&accid=412&datefrom=2012-11-06&dateto=2012-11-06
Получено работ: 0 шт. 
Запрос: birzid=5&accid=290&datefrom=2012-11-06&dateto=2012-11-06
Получено работ: 0 шт. 
Запрос: birzid=5&accid=375&datefrom=2012-11-06&dateto=2012-11-06
Получено работ: 0 шт. 
----------------------- Вебмастер: max514@mail.ru -----------------------------

Запрос: birzid=1&accid=109&datefrom=2012-11-06&dateto=2012-11-06
Получено работ: 72 шт. 
Запрос: birzid=2&accid=98&datefrom=2012-11-06&dateto=2012-11-06
Получено работ: 10 шт. 
----------------------- Вебмастер: mir_knigi@list.ru -----------------------------

Запрос: birzid=1&accid=55&datefrom=2012-11-06&dateto=2012-11-06
Получено работ: 1 шт. 
Запрос: birzid=2&accid=40&datefrom=2012-11-06&dateto=2012-11-06
Получено работ: 0 шт. 
Запрос: birzid=3&accid=148&datefrom=2012-11-06&dateto=2012-11-06
Получено работ: 0 шт. 
Запрос: birzid=4&accid=171&datefrom=2012-11-06&dateto=2012-11-06
Получено работ: 1 шт. 
Запрос: birzid=6&accid=230&datefrom=2012-11-06&dateto=2012-11-06
Получено работ: 0 шт. 
----------------------- Вебмастер: mkvin@mail.ru -----------------------------

Запрос: birzid=1&accid=102&datefrom=2012-11-06&dateto=2012-11-06
Получено работ: 0 шт. 
----------------------- Вебмастер: mrhappyalex@gmail.com -----------------------------

Запрос: birzid=1&accid=261&datefrom=2012-11-06&dateto=2012-11-06
Получено работ: 1 шт. 
----------------------- Вебмастер: mudaka.net@mail.ru -----------------------------

Запрос: birzid=2&accid=80&datefrom=2012-11-06&dateto=2012-11-06
Получено работ: 0 шт. 
----------------------- Вебмастер: mut480@gmail.com -----------------------------

Запрос: birzid=1&accid=389&datefrom=2012-11-06&dateto=2012-11-06
Получено работ: 0 шт. 
Запрос: birzid=2&accid=264&datefrom=2012-11-06&dateto=2012-11-06
Получено работ: 0 шт. 
Запрос: birzid=4&accid=314&datefrom=2012-11-06&dateto=2012-11-06
Получено работ: 0 шт. 
----------------------- Вебмастер: nich.usptu@gmail.com -----------------------------

Запрос: birzid=1&accid=302&datefrom=2012-11-06&dateto=2012-11-06
Получено работ: 0 шт. 
Запрос: birzid=2&accid=299&datefrom=2012-11-06&dateto=2012-11-06
Получено работ: 0 шт. 
Запрос: birzid=3&accid=426&datefrom=2012-11-06&dateto=2012-11-06
Получено работ: 0 шт. 
Запрос: birzid=4&accid=320&datefrom=2012-11-06&dateto=2012-11-06
Получено работ: 0 шт. 
Запрос: birzid=5&accid=301&datefrom=2012-11-06&dateto=2012-11-06
Получено работ: 0 шт. 
----------------------- Вебмастер: nikolay.exe@gmail.com -----------------------------

Запрос: birzid=1&accid=260&datefrom=2012-11-06&dateto=2012-11-06
Получено работ: 15 шт. 
----------------------- Вебмастер: okynek1243@gmail.com -----------------------------

Запрос: birzid=1&accid=153&datefrom=2012-11-06&dateto=2012-11-06
Получено работ: 0 шт. 
----------------------- Вебмастер: oleg.shkolyarenko@facebook.com -----------------------------

Запрос: birzid=2&accid=188&datefrom=2012-11-06&dateto=2012-11-06
Получено работ: 0 шт. 
Запрос: birzid=3&accid=444&datefrom=2012-11-06&dateto=2012-11-06
Получено работ: 0 шт. 
Запрос: birzid=4&accid=243&datefrom=2012-11-06&dateto=2012-11-06
Получено работ: 0 шт. 
Запрос: birzid=6&accid=234&datefrom=2012-11-06&dateto=2012-11-06
Получено работ: 0 шт. 
----------------------- Вебмастер: oleg@tulkin.ru -----------------------------

Запрос: birzid=1&accid=89&datefrom=2012-11-06&dateto=2012-11-06
Получено работ: 0 шт. 
Запрос: birzid=2&accid=199&datefrom=2012-11-06&dateto=2012-11-06
Получено работ: 0 шт. 
Запрос: birzid=4&accid=189&datefrom=2012-11-06&dateto=2012-11-06
Получено работ: 0 шт. 
Запрос: birzid=6&accid=223&datefrom=2012-11-06&dateto=2012-11-06
Получено работ: 0 шт. 
----------------------- Вебмастер: olegoleg117@ya.ru -----------------------------

Запрос: birzid=2&accid=85&datefrom=2012-11-06&dateto=2012-11-06
Получено работ: 0 шт. 
----------------------- Вебмастер: popularizer@gmail.com -----------------------------

Запрос: birzid=2&accid=206&datefrom=2012-11-06&dateto=2012-11-06
Получено работ: 0 шт. 
Запрос: birzid=5&accid=216&datefrom=2012-11-06&dateto=2012-11-06
Получено работ: 0 шт. 
Запрос: birzid=6&accid=238&datefrom=2012-11-06&dateto=2012-11-06
Получено работ: 0 шт. 
----------------------- Вебмастер: r.amex@yandex.ru -----------------------------

Запрос: birzid=2&accid=251&datefrom=2012-11-06&dateto=2012-11-06
Получено работ: 1 шт. 
Запрос: birzid=6&accid=331&datefrom=2012-11-06&dateto=2012-11-06
Получено работ: 0 шт. 
----------------------- Вебмастер: rbin.info@gmail.com -----------------------------

Запрос: birzid=1&accid=110&datefrom=2012-11-06&dateto=2012-11-06
Получено работ: 0 шт. 
Запрос: birzid=2&accid=111&datefrom=2012-11-06&dateto=2012-11-06
Получено работ: 0 шт. 
Запрос: birzid=6&accid=222&datefrom=2012-11-06&dateto=2012-11-06
Получено работ: 0 шт. 
----------------------- Вебмастер: respecttoall@ua.fm -----------------------------

Запрос: birzid=1&accid=195&datefrom=2012-11-06&dateto=2012-11-06
Получено работ: 0 шт. 
Запрос: birzid=2&accid=194&datefrom=2012-11-06&dateto=2012-11-06
Получено работ: 0 шт. 
Запрос: birzid=6&accid=465&datefrom=2012-11-06&dateto=2012-11-06
Получено работ: 0 шт. 
----------------------- Вебмастер: roman.demidov@gmail.com -----------------------------

Запрос: birzid=2&accid=87&datefrom=2012-11-06&dateto=2012-11-06
Получено работ: 0 шт. 
Запрос: birzid=5&accid=185&datefrom=2012-11-06&dateto=2012-11-06
Получено работ: 0 шт. 
----------------------- Вебмастер: romario.super@gmail.com -----------------------------

Запрос: birzid=1&accid=297&datefrom=2012-11-06&dateto=2012-11-06
Получено работ: 0 шт. 
----------------------- Вебмастер: romeot29@gmail.com -----------------------------

Запрос: birzid=1&accid=255&datefrom=2012-11-06&dateto=2012-11-06
Получено работ: 0 шт. 
----------------------- Вебмастер: sdv4@mail.ru -----------------------------

Запрос: birzid=1&accid=180&datefrom=2012-11-06&dateto=2012-11-06
Получено работ: 1 шт. 
Запрос: birzid=2&accid=242&datefrom=2012-11-06&dateto=2012-11-06
Получено работ: 0 шт. 
----------------------- Вебмастер: series60.ru@gmail.com -----------------------------

Запрос: birzid=1&accid=217&datefrom=2012-11-06&dateto=2012-11-06
Получено работ: 0 шт. 
Запрос: birzid=2&accid=169&datefrom=2012-11-06&dateto=2012-11-06
Получено работ: 2 шт. 
----------------------- Вебмастер: shleev-v@mail.ru -----------------------------

Запрос: birzid=1&accid=284&datefrom=2012-11-06&dateto=2012-11-06
Получено работ: 0 шт. 
Запрос: birzid=4&accid=330&datefrom=2012-11-06&dateto=2012-11-06
Получено работ: 0 шт. 
Запрос: birzid=5&accid=285&datefrom=2012-11-06&dateto=2012-11-06
Получено работ: 2 шт. 
----------------------- Вебмастер: sirdki2@yandex.ru -----------------------------

Запрос: birzid=1&accid=313&datefrom=2012-11-06&dateto=2012-11-06
Получено работ: 1 шт. 
----------------------- Вебмастер: poletaefff@mail.ru -----------------------------

Запрос: birzid=1&accid=258&datefrom=2012-11-06&dateto=2012-11-06
Получено работ: 1 шт. 
Запрос: birzid=1&accid=259&datefrom=2012-11-06&dateto=2012-11-06
Получено работ: 5 шт. 
Запрос: birzid=3&accid=423&datefrom=2012-11-06&dateto=2012-11-06
Получено работ: 0 шт. 
Запрос: birzid=5&accid=282&datefrom=2012-11-06&dateto=2012-11-06
Получено работ: 1 шт. 
----------------------- Вебмастер: rp778@mail.ru -----------------------------

Запрос: birzid=1&accid=164&datefrom=2012-11-06&dateto=2012-11-06
Получено работ: 0 шт. 
Запрос: birzid=1&accid=252&datefrom=2012-11-06&dateto=2012-11-06
Получено работ: 0 шт. 
Запрос: birzid=2&accid=165&datefrom=2012-11-06&dateto=2012-11-06
Получено работ: 0 шт. 
----------------------- Вебмастер: yda4huk@yahoo.com -----------------------------

Запрос: birzid=1&accid=343&datefrom=2012-11-06&dateto=2012-11-06
Получено работ: 4 шт. 
Запрос: birzid=2&accid=43&datefrom=2012-11-06&dateto=2012-11-06
Получено работ: 0 шт. 
----------------------- Вебмастер: sytrus90@yandex.ru -----------------------------

Запрос: birzid=1&accid=28&datefrom=2012-11-06&dateto=2012-11-06
Получено работ: 0 шт. 
Запрос: birzid=2&accid=71&datefrom=2012-11-06&dateto=2012-11-06
Получено работ: 0 шт. 
----------------------- Вебмастер: to.yashin@gmail.com -----------------------------

Запрос: birzid=1&accid=295&datefrom=2012-11-06&dateto=2012-11-06
Получено работ: 3 шт. 
----------------------- Вебмастер: tolymen@gmail.com -----------------------------

Запрос: birzid=2&accid=262&datefrom=2012-11-06&dateto=2012-11-06
Получено работ: 0 шт. 
Запрос: birzid=6&accid=478&datefrom=2012-11-06&dateto=2012-11-06
Получено работ: 0 шт. 
----------------------- Вебмастер: valeranew@ukr.net -----------------------------

Запрос: birzid=1&accid=117&datefrom=2012-11-06&dateto=2012-11-06
Получено работ: 2 шт. 
Запрос: birzid=2&accid=118&datefrom=2012-11-06&dateto=2012-11-06
Получено работ: 0 шт. 
Запрос: birzid=5&accid=283&datefrom=2012-11-06&dateto=2012-11-06
Получено работ: 0 шт. 
Запрос: birzid=6&accid=221&datefrom=2012-11-06&dateto=2012-11-06
Получено работ: 0 шт. 
----------------------- Вебмастер: vernon2001@mail.ru -----------------------------

Запрос: birzid=1&accid=17&datefrom=2012-11-06&dateto=2012-11-06
Получено работ: 3 шт. 
Запрос: birzid=2&accid=33&datefrom=2012-11-06&dateto=2012-11-06
Получено работ: 0 шт. 
Запрос: birzid=3&accid=114&datefrom=2012-11-06&dateto=2012-11-06
Получено работ: 1 шт. 
----------------------- Вебмастер: viktor_kh@mail.ru -----------------------------

Запрос: birzid=1&accid=274&datefrom=2012-11-06&dateto=2012-11-06
Получено работ: 0 шт. 
Запрос: birzid=2&accid=275&datefrom=2012-11-06&dateto=2012-11-06
Получено работ: 0 шт. 
Запрос: birzid=4&accid=277&datefrom=2012-11-06&dateto=2012-11-06
Получено работ: 0 шт. 
Запрос: birzid=5&accid=276&datefrom=2012-11-06&dateto=2012-11-06
Получено работ: 1 шт. 
----------------------- Вебмастер: web@drbot.ru -----------------------------

Запрос: birzid=1&accid=56&datefrom=2012-11-06&dateto=2012-11-06
Получено работ: 0 шт. 
Запрос: birzid=1&accid=288&datefrom=2012-11-06&dateto=2012-11-06
Получено работ: 0 шт. 
Запрос: birzid=3&accid=150&datefrom=2012-11-06&dateto=2012-11-06
Получено работ: 0 шт. 
----------------------- Вебмастер: wpro@bk.ru -----------------------------

Запрос: birzid=1&accid=127&datefrom=2012-11-06&dateto=2012-11-06
Получено работ: 0 шт. 
----------------------- Вебмастер: xank@rambler.ru -----------------------------

Запрос: birzid=1&accid=136&datefrom=2012-11-06&dateto=2012-11-06
Получено работ: 0 шт. 
Запрос: birzid=2&accid=137&datefrom=2012-11-06&dateto=2012-11-06
Получено работ: 0 шт. 
Запрос: birzid=6&accid=232&datefrom=2012-11-06&dateto=2012-11-06
Получено работ: 0 шт. 
----------------------- Вебмастер: ynitov@gmail.com -----------------------------

Запрос: birzid=2&accid=42&datefrom=2012-11-06&dateto=2012-11-06
Получено работ: 0 шт. 
----------------------- Вебмастер: yur-shatalin@yandex.ru -----------------------------

Запрос: birzid=1&accid=135&datefrom=2012-11-06&dateto=2012-11-06
Получено работ: 1 шт. 
Запрос: birzid=1&accid=141&datefrom=2012-11-06&dateto=2012-11-06
Получено работ: 0 шт. 
Запрос: birzid=2&accid=41&datefrom=2012-11-06&dateto=2012-11-06
Получено работ: 2 шт. 
Запрос: birzid=2&accid=121&datefrom=2012-11-06&dateto=2012-11-06
Получено работ: 0 шт. 
Запрос: birzid=2&accid=144&datefrom=2012-11-06&dateto=2012-11-06
Получено работ: 6 шт. 
Запрос: birzid=4&accid=205&datefrom=2012-11-06&dateto=2012-11-06
Получено работ: 1 шт. 
----------------------- Вебмастер: zuziken@gmail.com -----------------------------

Запрос: birzid=1&accid=81&datefrom=2012-11-06&dateto=2012-11-06
Получено работ: 0 шт. 
Запрос: birzid=2&accid=83&datefrom=2012-11-06&dateto=2012-11-06
Получено работ: 0 шт. 
Запрос: birzid=3&accid=416&datefrom=2012-11-06&dateto=2012-11-06
Получено работ: 0 шт. 
Запрос: birzid=4&accid=208&datefrom=2012-11-06&dateto=2012-11-06
Получено работ: 1 шт. 
Запрос: birzid=5&accid=186&datefrom=2012-11-06&dateto=2012-11-06
Получено работ: 0 шт. 
Запрос: birzid=6&accid=440&datefrom=2012-11-06&dateto=2012-11-06
Получено работ: 0 шт. 
----------------------- Вебмастер: alex@volkov.ru -----------------------------

Запрос: birzid=2&accid=321&datefrom=2012-11-06&dateto=2012-11-06
Получено работ: 0 шт. 
----------------------- Вебмастер: baumanets@gmail.com -----------------------------

Запрос: birzid=1&accid=378&datefrom=2012-11-06&dateto=2012-11-06
Получено работ: 0 шт. 
Запрос: birzid=3&accid=391&datefrom=2012-11-06&dateto=2012-11-06
Получено работ: 0 шт. 
----------------------- Вебмастер: castefan@mail.ru -----------------------------

Запрос: birzid=1&accid=328&datefrom=2012-11-06&dateto=2012-11-06
Получено работ: 0 шт. 
----------------------- Вебмастер: ck@hotmail.ru -----------------------------

Запрос: birzid=1&accid=298&datefrom=2012-11-06&dateto=2012-11-06
Получено работ: 0 шт. 
Запрос: birzid=2&accid=345&datefrom=2012-11-06&dateto=2012-11-06
Получено работ: 1 шт. 
----------------------- Вебмастер: connect@cjcity.ru -----------------------------

Запрос: birzid=1&accid=327&datefrom=2012-11-06&dateto=2012-11-06
Получено работ: 1 шт. 
Запрос: birzid=2&accid=348&datefrom=2012-11-06&dateto=2012-11-06
Получено работ: 0 шт. 
Запрос: birzid=6&accid=349&datefrom=2012-11-06&dateto=2012-11-06
Получено работ: 0 шт. 
----------------------- Вебмастер: Den-latypov@yandex.ru -----------------------------

Запрос: birzid=1&accid=366&datefrom=2012-11-06&dateto=2012-11-06
Получено работ: 0 шт. 
----------------------- Вебмастер: fyrer64@mail.ru -----------------------------

Запрос: birzid=1&accid=383&datefrom=2012-11-06&dateto=2012-11-06
Получено работ: 0 шт. 
Запрос: birzid=2&accid=380&datefrom=2012-11-06&dateto=2012-11-06
Получено работ: 0 шт. 
Запрос: birzid=3&accid=381&datefrom=2012-11-06&dateto=2012-11-06
Получено работ: 0 шт. 
Запрос: birzid=4&accid=382&datefrom=2012-11-06&dateto=2012-11-06
Получено работ: 0 шт. 
----------------------- Вебмастер: galyba0222@gmail.com -----------------------------

Запрос: birzid=2&accid=143&datefrom=2012-11-06&dateto=2012-11-06
Получено работ: 0 шт. 
----------------------- Вебмастер: makssss07@yandex.ru -----------------------------

Запрос: birzid=2&accid=291&datefrom=2012-11-06&dateto=2012-11-06
