Файл-лог автоматического уведомления пользователей.
Создан: 22 ноября 2012 г. 12:51



Вебмастер: vkharseev@gmail.com
Долг в системе: 0 рубей. Сообщение отправлено.

Вебмастер: loadinfo@megabox.ru
Долг в системе: 0 рубей. Сообщение отправлено.

Вебмастер: chistyakoveo@yandex.ru
Долг в системе: 1265 рубей. Сообщение отправлено.

Вебмастер: vernon2001@mail.ru
Долг в системе: 8640 рубей. Сообщение отправлено.

Вебмастер: 19msd@mail.ru
Долг в системе: 7713 рубей. Сообщение отправлено.

Вебмастер: admin@priut-info.ru
Долг в системе: 3822 рубей. Сообщение отправлено.

Вебмастер: sytrus90@yandex.ru
Долг в системе: 350 рубей. Сообщение отправлено.

Вебмастер: dudik666@gmail.com
Долг в системе: 285 рубей. Сообщение отправлено.

Вебмастер: kupio@mail.ru
Долг в системе: 2216 рубей. Сообщение отправлено.

Вебмастер: it.kirill@gmail.com
Долг в системе: 0 рубей. Сообщение отправлено.

Вебмастер: doc.x@mail.ru
Долг в системе: 55 рубей. Сообщение отправлено.

Вебмастер: dchernousov@yandex.ru
Долг в системе: 550 рубей. Сообщение отправлено.

Вебмастер: chad1@ukr.net
Долг в системе: 0 рубей. Сообщение отправлено.

Вебмастер: mail@shelvin.ru
Долг в системе: 0 рубей. Сообщение отправлено.

Вебмастер: web@drbot.ru
Долг в системе: 0 рубей. Сообщение отправлено.

Вебмастер: mir_knigi@list.ru
Долг в системе: 10038 рубей. Сообщение отправлено.

Вебмастер: bazilix@gmail.com
Долг в системе: 900 рубей. Сообщение отправлено.

Вебмастер: romario.super@gmail.com
Долг в системе: 200 рубей. Сообщение отправлено.

Вебмастер: effi.kos@gmail.com
Долг в системе: 2700 рубей. Сообщение отправлено.

Вебмастер: max514@mail.ru
Долг в системе: 0 рубей. Сообщение отправлено.

Вебмастер: oleg@tulkin.ru
Долг в системе: 231 рубей. Сообщение отправлено.

Вебмастер: waaq@mail.ru
Долг в системе: 2750 рубей. Сообщение отправлено.

Вебмастер: ynitov@gmail.com
Долг в системе: 0 рубей. Сообщение отправлено.

Вебмастер: zuziken@gmail.com
Долг в системе: 80 рубей. Сообщение отправлено.

Вебмастер: ck@hotmail.ru
Долг в системе: 0 рубей. Сообщение отправлено.

Вебмастер: 111vit111@mail.ru
Долг в системе: 555 рубей. Сообщение отправлено.

Вебмастер: admin@61site.ru
Долг в системе: 3045 рубей. Сообщение отправлено.

Вебмастер: sdv4@mail.ru
Долг в системе: 0 рубей. Сообщение отправлено.

Вебмастер: lampo4kalove@gmail.com
Долг в системе: 405 рубей. Сообщение отправлено.

Вебмастер: Cnc3@list.ru
Долг в системе: 0 рубей. Сообщение отправлено.

Вебмастер: rp778@mail.ru
Долг в системе: 2460 рубей. Сообщение отправлено.

Вебмастер: nerulinz@mail.ru
Долг в системе: 0 рубей. Сообщение отправлено.

Вебмастер: 7490800@mail.ru
Долг в системе: 605 рубей. Сообщение отправлено.

Вебмастер: okynek1243@gmail.com
Долг в системе: 0 рубей. Сообщение отправлено.

Вебмастер: yur-shatalin@yandex.ru
Долг в системе: 0 рубей. Сообщение отправлено.

Вебмастер: xank@rambler.ru
Долг в системе: 0 рубей. Сообщение отправлено.

Вебмастер: wpro@bk.ru
Долг в системе: 1375 рубей. Сообщение отправлено.

Вебмастер: valeranew@ukr.net
Долг в системе: 0 рубей. Сообщение отправлено.

Вебмастер: dotwork@icloud.com
Долг в системе: 0 рубей. Сообщение отправлено.

Вебмастер: baumanets@gmail.com
Долг в системе: 1000 рубей. Сообщение отправлено.

Вебмастер: egoruz@gmail.com
Долг в системе: 110 рубей. Сообщение отправлено.

Вебмастер: rbin.info@gmail.com
Долг в системе: 0 рубей. Сообщение отправлено.

Вебмастер: invergo@mail.ru
Долг в системе: 165 рубей. Сообщение отправлено.

Вебмастер: mkvin@mail.ru
Долг в системе: 275 рубей. Сообщение отправлено.

Вебмастер: respecttoall@ua.fm
Долг в системе: 0 рубей. Сообщение отправлено.

Вебмастер: evgeniylopanov@gmail.com
Долг в системе: 624 рубей. Сообщение отправлено.

Вебмастер: series60.ru@gmail.com
Долг в системе: 165 рубей. Сообщение отправлено.

Вебмастер: danyshka@yandex.ru
Долг в системе: 0 рубей. Сообщение отправлено.

Вебмастер: nikolay.exe@gmail.com
Долг в системе: 165 рубей. Сообщение отправлено.

Вебмастер: mrhappyalex@gmail.com
Долг в системе: 1750 рубей. Сообщение отправлено.

Вебмастер: viktor_kh@mail.ru
Долг в системе: 110 рубей. Сообщение отправлено.

Вебмастер: shleev-v@mail.ru
Долг в системе: 310 рубей. Сообщение отправлено.

Вебмастер: egerov_vasiliy@mail.ru
Долг в системе: 0 рубей. Сообщение отправлено.

Вебмастер: masai@dubki.ru
Долг в системе: 765 рубей. Сообщение отправлено.

Вебмастер: to.yashin@gmail.com
Долг в системе: 0 рубей. Сообщение отправлено.

Вебмастер: gusdo@yandex.ru
Долг в системе: 0 рубей. Сообщение отправлено.

Вебмастер: yda4huk@yahoo.com
Долг в системе: 1705 рубей. Сообщение отправлено.

Вебмастер: Sanya_Melnichuk@ukr.net
Долг в системе: 102 рубей. Сообщение отправлено.

Вебмастер: killerok@bk.ru
Долг в системе: 0 рубей. Сообщение отправлено.

Вебмастер: mudaka.net@mail.ru
Долг в системе: 55 рубей. Сообщение отправлено.

Вебмастер: gsmflashes@ya.ru
Долг в системе: 500 рубей. Сообщение отправлено.

Вебмастер: roman.demidov@gmail.com
Долг в системе: 150 рубей. Сообщение отправлено.

Вебмастер: lolnet.ru@gmail.com
Долг в системе: 340 рубей. Сообщение отправлено.

Вебмастер: arust@mail.ru
Долг в системе: 1095 рубей. Сообщение отправлено.

Вебмастер: galyba0222@gmail.com
Долг в системе: 0 рубей. Сообщение отправлено.

Вебмастер: r.amex@yandex.ru
Долг в системе: 0 рубей. Сообщение отправлено.

Вебмастер: kimpeka@gmail.com
Долг в системе: 100 рубей. Сообщение отправлено.

Вебмастер: aweksa.public@gmail.com
Долг в системе: 0 рубей. Сообщение отправлено.

Вебмастер: oleg.shkolyarenko@facebook.com
Долг в системе: 275 рубей. Сообщение отправлено.

Вебмастер: popularizer@gmail.com
Долг в системе: 50 рубей. Сообщение отправлено.

Вебмастер: tolymen@gmail.com
Долг в системе: 0 рубей. Сообщение отправлено.

Вебмастер: mut480@gmail.com
Долг в системе: 385 рубей. Сообщение отправлено.

Вебмастер: makssss07@yandex.ru
Долг в системе: 0 рубей. Сообщение отправлено.

Вебмастер: andrey_l@lenta.ru
Долг в системе: 3518 рубей. Сообщение отправлено.

Вебмастер: meelbasites@gmail.com
Долг в системе: 0 рубей. Сообщение отправлено.

Вебмастер: lingon@inbox.ru
Долг в системе: 0 рубей. Сообщение отправлено.

Вебмастер: ilya.dolgoff@gmail.com
Долг в системе: 0 рубей. Сообщение отправлено.

Вебмастер: nich.usptu@gmail.com
Долг в системе: 2115 рубей. Сообщение отправлено.

Вебмастер: bazhenov87@mail.ru
Долг в системе: 155 рубей. Сообщение отправлено.

Вебмастер: support@bugulma.ws
Долг в системе: 240 рубей. Сообщение отправлено.

Вебмастер: mymotion@mail.ru
Долг в системе: 2270 рубей. Сообщение отправлено.

Вебмастер: alex@volkov.ru
Долг в системе: 0 рубей. Сообщение отправлено.

Вебмастер: spenderblog@gmail.com
Долг в системе: 120 рубей. Сообщение отправлено.

Вебмастер: connect@cjcity.ru
Долг в системе: 200 рубей. Сообщение отправлено.

Вебмастер: neofpsati1@rambler.ru
Долг в системе: 150 рубей. Сообщение отправлено.

Вебмастер: polukrovci@yandex.ru
Долг в системе: 55 рубей. Сообщение отправлено.

Вебмастер: vit2547@gmail.com
Долг в системе: 0 рубей. Сообщение отправлено.

Вебмастер: sasha@am.cn.ua
Долг в системе: 770 рубей. Сообщение отправлено.

Вебмастер: marus1121@inbox.ru
Долг в системе: 565 рубей. Сообщение отправлено.

Вебмастер: net-life@bk.ru
Долг в системе: 0 рубей. Сообщение отправлено.

Вебмастер: Den-latypov@yandex.ru
Долг в системе: 165 рубей. Сообщение отправлено.

Вебмастер: mancoflot@mail.ru
Долг в системе: 555 рубей. Сообщение отправлено.

Вебмастер: dav@reline.ru
Долг в системе: 7620 рубей. Сообщение отправлено.

Вебмастер: demontager@gmail.com
Долг в системе: 0 рубей. Сообщение отправлено.

Вебмастер: wwit@bk.ru
Долг в системе: 630 рубей. Сообщение отправлено.

Вебмастер: iliadin79@gmail.com
Долг в системе: 0 рубей. Сообщение отправлено.

Вебмастер: wwwwizard@mail.ru
Долг в системе: 0 рубей. Сообщение отправлено.

Вебмастер: axcx17@gmail.com
Долг в системе: 0 рубей. Сообщение отправлено.

Вебмастер: pearlsome@gmail.com
Долг в системе: 0 рубей. Сообщение отправлено.

Вебмастер: mgoldru@gmail.com
Долг в системе: 10950 рубей. Сообщение отправлено.

Вебмастер: whitekreved@gmail.com
Долг в системе: 0 рубей. Сообщение отправлено.

Вебмастер: dusunkas@gmail.com
Долг в системе: 795 рубей. Сообщение отправлено.

Вебмастер: support@web-alexstudio.ru
Долг в системе: 0 рубей. Сообщение отправлено.

Вебмастер: tiecenter@mail.ru
Долг в системе: 0 рубей. Сообщение отправлено.

Вебмастер: hr011@yandex.ru
Долг в системе: 0 рубей. Сообщение отправлено.

Вебмастер: perspectiven@gmail.com
Долг в системе: 0 рубей. Сообщение отправлено.

Вебмастер: kostiksun@mail.ru
Долг в системе: 110 рубей. Сообщение отправлено.

Вебмастер: bazzookka@yandex.ru
Долг в системе: 0 рубей. Сообщение отправлено.

Вебмастер: dombrovsky.v@gmail.com
Долг в системе: 0 рубей. Сообщение отправлено.

Вебмастер: pochesnomu@gmail.com
Долг в системе: 737 рубей. Сообщение отправлено.

Вебмастер: biznes@sergmedvedev.ru
Долг в системе: 0 рубей. Сообщение отправлено.

Вебмастер: blagosloven@gmail.com
Долг в системе: 0 рубей. Сообщение отправлено.

Вебмастер: ropique.a@gmail.com
Долг в системе: 0 рубей. Сообщение отправлено.

Вебмастер: urazaev.alexander@gmail.com
Долг в системе: 50 рубей. Сообщение отправлено.

Вебмастер: sacred3@gmail.com
Долг в системе: 0 рубей. Сообщение отправлено.

Вебмастер: iron25@yandex.ru
Долг в системе: 0 рубей. Сообщение отправлено.

Вебмастер: luckystv@gmail.com
Долг в системе: 0 рубей. Сообщение отправлено.

Вебмастер: dimabiz@yandex.ru
Долг в системе: 50 рубей. Сообщение отправлено.

Вебмастер: dansokolov@mail.ru
Долг в системе: 0 рубей. Сообщение отправлено.

Вебмастер: 1184858@mail.ru
Долг в системе: 0 рубей. Сообщение отправлено.

Вебмастер: fe-nix@fe-nix.ru
Долг в системе: 0 рубей. Сообщение отправлено.

Вебмастер: attextrading@gmail.com
Долг в системе: 0 рубей. Сообщение отправлено.

Вебмастер: fatih2003@list.ru
Долг в системе: 0 рубей. Сообщение отправлено.

Вебмастер: trsproject@mail.ru
Долг в системе: 0 рубей. Сообщение отправлено.

Вебмастер: aov@ukr-media.com
Долг в системе: 0 рубей. Сообщение отправлено.

Вебмастер: alext17@mail.ru
Долг в системе: 0 рубей. Сообщение отправлено.

Вебмастер: glavpo4@ya.ru
Долг в системе: 0 рубей. Сообщение отправлено.

Вебмастер: mi-lana@live.ru
Долг в системе: 0 рубей. Сообщение отправлено.

Вебмастер: sanarlab@yandex.ru
Долг в системе: 220 рубей. Сообщение отправлено.

Вебмастер: sergey@pervushin.com
Долг в системе: 0 рубей. Сообщение отправлено.

Вебмастер: Dimoni4e@gmail.com
Долг в системе: 0 рубей. Сообщение отправлено.

Вебмастер: Sanchez-2@mail.ru
Долг в системе: 150 рубей. Сообщение отправлено.

Вебмастер: a_v_korobov@ukr.net
Долг в системе: 855 рубей. Сообщение отправлено.

Вебмастер: martikus@ukr.net
Долг в системе: 0 рубей. Сообщение отправлено.

Вебмастер: killerok@gmail.com
Долг в системе: 0 рубей. Сообщение отправлено.

Вебмастер: bozx@ya.ru
Долг в системе: 0 рубей. Сообщение отправлено.

Вебмастер: grigoriy_by@mail.ru
Долг в системе: 0 рубей. Сообщение отправлено.

Вебмастер: roman_kruiz@mail.ru
Долг в системе: 0 рубей. Сообщение отправлено.

Вебмастер: smweb@yandex.ru
Долг в системе: 0 рубей. Сообщение отправлено.

Вебмастер: zlo.alien@gmail.com
Долг в системе: 0 рубей. Сообщение отправлено.

Вебмастер: alyanse2011@yandex.ua
Долг в системе: 0 рубей. Сообщение отправлено.

Вебмастер: ks@2ks.ru
Долг в системе: 0 рубей. Сообщение отправлено.

Вебмастер: st@nislav.net
Долг в системе: 55 рубей. Сообщение отправлено.

Вебмастер: markiz900@mail.ru
Долг в системе: 0 рубей. Сообщение отправлено.

Вебмастер: inrostov@mail.ru
Долг в системе: 0 рубей. Сообщение отправлено.

Вебмастер: v1014840@yandex.ru
Долг в системе: 135 рубей. Сообщение отправлено.

Вебмастер: promoparty@bk.ru
Долг в системе: 0 рубей. Сообщение отправлено.

Вебмастер: vovkasu@yandex.ru
Долг в системе: 0 рубей. Сообщение отправлено.

Вебмастер: metastudio@mail.ru
Долг в системе: 0 рубей. Сообщение отправлено.

Вебмастер: we_b@mail.ru
Долг в системе: 0 рубей. Сообщение отправлено.

Вебмастер: dimio@dimio.org
Долг в системе: 0 рубей. Сообщение отправлено.

Вебмастер: e89312366590@yandex.ru
Долг в системе: 0 рубей. Сообщение отправлено.

Вебмастер: kuzinev@yandex.ru
Долг в системе: 0 рубей. Сообщение отправлено.

Вебмастер: ig023r@gmail.com
Долг в системе: 0 рубей. Сообщение отправлено.

Вебмастер: koncerva1974@mail.ru
Долг в системе: 0 рубей. Сообщение отправлено.

Вебмастер: vadimkazak@gmail.com
Долг в системе: 0 рубей. Сообщение отправлено.

Вебмастер: vharseev@inbox.ru
Долг в системе: 0 рубей. Сообщение отправлено.

Вебмастер: e.olshevsky@gmail.com
Долг в системе: 180 рубей. Сообщение отправлено.

Вебмастер: me@arseny.info
Долг в системе: 0 рубей. Сообщение отправлено.

Вебмастер: vitalik77777@gmail.com
Долг в системе: 0 рубей. Сообщение отправлено.

Вебмастер: burningbrook@gmail.com
Долг в системе: 114 рубей. Сообщение отправлено.

Вебмастер: public_mce@rambler.ru
Долг в системе: 0 рубей. Сообщение отправлено.

Вебмастер: graph10@yandex.ru
Долг в системе: 0 рубей. Сообщение отправлено.

Вебмастер: ivan18shishkin@gmail.com
Долг в системе: 0 рубей. Сообщение отправлено.

Вебмастер: diskalmier@gmail.com
Долг в системе: 0 рубей. Сообщение отправлено.

Вебмастер: se_ost@mail.ru
Долг в системе: 0 рубей. Сообщение отправлено.

Скрипт выполнен за: 31.84 сек.
